23.07.2020 05:36:12 sql=[select id_tt,ten_tt from tintuc order by id_tt desc] 
23.07.2020 05:36:46 sql=[select id_tt,ten_tt from tintuc order by id_tt desc] 
23.07.2020 05:38:07 sql=[select id_tt,ten_tt from tintuc order by id_tt desc] 
23.07.2020 05:38:38 sql=[select id_tt,ten_tt from tintuc order by id_tt desc] 
23.07.2020 05:38:39 sql=[select id_tt,ten_tt from tintuc order by id_tt desc] 
23.07.2020 05:38:54 sql=[select id_tt,ten_tt from tintuc order by id_tt desc] 
23.07.2020 05:38:55 sql=[select id_tt,ten_tt from tintuc order by id_tt desc] 
23.07.2020 05:38:56 sql=[select id_tt,ten_tt from tintuc order by id_tt desc] 
23.07.2020 05:40:03 sql=[select id_tt,ten_tt from tintuc order by id_tt desc] 
23.07.2020 05:41:39 sql=[select id_tt,ten_tt from tintuc order by id_tt desc] 
23.07.2020 05:42:31 sql=[select id_tt,ten_tt from tintuc order by id_tt desc] 
23.07.2020 05:43:09 sql=[select id_tt,ten_tt from tintuc order by id_tt desc] 
23.07.2020 05:43:32 sql=[select id_tt,ten_tt from tintuc order by id_tt desc] 
23.07.2020 05:43:40 sql=[select id_tt,ten_tt from tintuc order by id_tt desc] 
23.07.2020 05:44:03 sql=[select id_tt,ten_tt from tintuc order by id_tt desc] 
23.07.2020 05:48:34 sql=[select id_tt,ten_tt from tintuc order by id_tt desc] 
23.07.2020 05:48:34 sql=[select id_tt,ten_tt from tintuc order by luotxem desc ] 
23.07.2020 05:48:54 sql=[select id_tt,ten_tt from tintuc order by id_tt desc] 
23.07.2020 05:48:54 sql=[select id_tt,ten_tt from tintuc order by luotxem desc ] 
23.07.2020 05:57:45 sql=[select id_tt,ten_tt from tintuc order by id_tt desc] 
23.07.2020 05:57:45 sql=[select id_tt,ten_tt from tintuc order by luotxem desc ] 
23.07.2020 06:00:33 sql=[select id_tt,ten_tt from tintuc order by id_tt desc] 
23.07.2020 06:00:33 sql=[select id_tt,ten_tt from tintuc order by luotxem desc ] 
23.07.2020 06:00:35 sql=[select id_tt,ten_tt from tintuc order by id_tt desc] 
23.07.2020 06:00:35 sql=[select id_tt,ten_tt from tintuc order by luotxem desc ] 
23.07.2020 06:00:40 sql=[select id_tt,ten_tt from tintuc order by id_tt desc] 
23.07.2020 06:00:40 sql=[select id_tt,ten_tt from tintuc order by luotxem desc ] 
23.07.2020 06:00:42 sql=[select id_tt,ten_tt from tintuc order by id_tt desc] 
23.07.2020 06:00:42 sql=[select id_tt,ten_tt from tintuc order by luotxem desc ] 
23.07.2020 06:03:06 sql=[select id_tt,ten_tt from tintuc order by id_tt desc] 
23.07.2020 06:03:06 sql=[select id_tt,ten_tt from tintuc order by luotxem desc ] 
23.07.2020 06:09:36 sql=[SELECT * FROM monhoc limit 9,3 ] 
23.07.2020 06:11:06 sql=[SELECT * FROM monhoc limit 9,3 ] 
23.07.2020 06:12:18 sql=[SELECT * FROM monhoc limit 9,3 ] 
23.07.2020 06:12:43 sql=[SELECT * FROM monhoc limit 9,3 ] 
23.07.2020 06:12:49 sql=[select id_tt,ten_tt from tintuc order by id_tt desc] 
23.07.2020 06:12:49 sql=[select id_tt,ten_tt from tintuc order by luotxem desc ] 
23.07.2020 06:13:50 sql=[SELECT * FROM monhoc limit 9,3 ] 
23.07.2020 06:14:34 sql=[SELECT * FROM monhoc limit 9,3 ] 
23.07.2020 06:15:59 sql=[select id_tt,ten_tt from tintuc order by id_tt desc] 
23.07.2020 06:15:59 sql=[select id_tt,ten_tt from tintuc order by luotxem desc ] 
23.07.2020 06:16:23 sql=[SELECT * FROM monhoc limit 9,3 ] 
23.07.2020 06:18:56 sql=[select id_tt,ten_tt from tintuc order by id_tt desc] 
23.07.2020 06:18:56 sql=[select id_tt,ten_tt from tintuc order by luotxem desc ] 
23.07.2020 06:19:05 sql=[SELECT * FROM monhoc limit 9,3 ] 
23.07.2020 06:20:10 sql=[SELECT * FROM monhoc limit 9,3 ] 
23.07.2020 06:24:33 sql=[SELECT * FROM monhoc limit 9,3 ] 
23.07.2020 06:24:34 sql=[SELECT * FROM monhoc limit 9,3 ] 
23.07.2020 06:25:29 sql=[SELECT * FROM monhoc limit 9,3 ] 
23.07.2020 06:25:29 sql=[SELECT * FROM monhoc limit 12,3 ] 
23.07.2020 06:26:43 sql=[SELECT * FROM monhoc limit 9,3 ] 
23.07.2020 06:26:43 sql=[SELECT * FROM monhoc limit 12,3 ] 
23.07.2020 06:26:43 sql=[SELECT * FROM monhoc limit 15,3 ] 
23.07.2020 06:26:55 sql=[SELECT * FROM monhoc limit 9,3 ] 
23.07.2020 06:26:55 sql=[SELECT * FROM monhoc limit 12,3 ] 
23.07.2020 06:26:55 sql=[SELECT * FROM monhoc limit 15,3 ] 
23.07.2020 06:27:21 sql=[SELECT * FROM monhoc limit 9,3 ] 
23.07.2020 06:27:21 sql=[SELECT * FROM monhoc limit 12,3 ] 
23.07.2020 06:27:21 sql=[SELECT * FROM monhoc limit 15,3 ] 
23.07.2020 06:28:13 sql=[SELECT * FROM monhoc limit 9,3 ] 
23.07.2020 06:28:13 sql=[SELECT * FROM monhoc limit 12,3 ] 
23.07.2020 06:28:13 sql=[SELECT * FROM monhoc limit 15,3 ] 
23.07.2020 06:28:28 sql=[SELECT * FROM monhoc limit 9,3 ] 
23.07.2020 06:28:28 sql=[SELECT * FROM monhoc limit 12,3 ] 
23.07.2020 06:28:28 sql=[SELECT * FROM monhoc limit 15,3 ] 
23.07.2020 06:29:52 sql=[select id_tt,ten_tt from tintuc order by id_tt desc] 
23.07.2020 06:29:52 sql=[select id_tt,ten_tt from tintuc order by luotxem desc ] 
23.07.2020 06:31:19 sql=[SELECT * FROM monhoc limit 9,3 ] 
23.07.2020 06:31:19 sql=[SELECT * FROM monhoc limit 12,3 ] 
23.07.2020 06:31:19 sql=[SELECT * FROM monhoc limit 15,3 ] 
23.07.2020 06:32:01 sql=[SELECT * FROM monhoc limit 9,3 ] 
23.07.2020 06:32:01 sql=[SELECT * FROM monhoc limit 12,3 ] 
23.07.2020 06:32:25 sql=[SELECT * FROM monhoc limit 9,3 ] 
23.07.2020 06:32:25 sql=[SELECT * FROM monhoc limit 9,3 ] 
23.07.2020 06:32:48 sql=[SELECT * FROM monhoc limit 9,3 ] 
23.07.2020 06:32:48 sql=[SELECT * FROM monhoc limit 9,3 ] 
23.07.2020 06:32:57 sql=[SELECT * FROM monhoc limit 9,3 ] 
23.07.2020 06:32:57 sql=[SELECT * FROM monhoc limit 9,3 ] 
23.07.2020 06:33:18 sql=[SELECT * FROM monhoc limit 9,3 ] 
23.07.2020 06:33:36 sql=[SELECT * FROM monhoc limit 9,3 ] 
23.07.2020 06:33:36 sql=[SELECT * FROM monhoc limit 12,3 ] 
23.07.2020 06:33:36 sql=[SELECT * FROM monhoc limit 15,3 ] 
23.07.2020 06:34:02 sql=[SELECT * FROM monhoc limit 9,3 ] 
23.07.2020 06:34:02 sql=[SELECT * FROM monhoc limit 12,3 ] 
23.07.2020 06:34:02 sql=[SELECT * FROM monhoc limit 15,3 ] 
23.07.2020 06:35:30 sql=[SELECT * FROM monhoc limit 9,3 ] 
23.07.2020 06:35:30 sql=[SELECT * FROM monhoc limit 12,3 ] 
23.07.2020 06:35:30 sql=[SELECT * FROM monhoc limit 15,3 ] 
23.07.2020 06:36:23 sql=[SELECT * FROM monhoc limit 9,3 ] 
23.07.2020 06:36:23 sql=[SELECT * FROM monhoc limit 12,3 ] 
23.07.2020 06:36:23 sql=[SELECT * FROM monhoc limit 15,3 ] 
23.07.2020 06:36:36 sql=[SELECT * FROM monhoc limit 9,3 ] 
23.07.2020 06:36:36 sql=[SELECT * FROM monhoc limit 12,3 ] 
23.07.2020 06:36:36 sql=[SELECT * FROM monhoc limit 15,3 ] 
23.07.2020 06:36:56 sql=[SELECT * FROM monhoc limit 9,3 ] 
23.07.2020 06:36:56 sql=[SELECT * FROM monhoc limit 12,3 ] 
23.07.2020 06:36:56 sql=[SELECT * FROM monhoc limit 15,3 ] 
23.07.2020 06:36:58 sql=[SELECT * FROM monhoc limit 9,3 ] 
23.07.2020 06:36:58 sql=[SELECT * FROM monhoc limit 12,3 ] 
23.07.2020 06:36:58 sql=[SELECT * FROM monhoc limit 15,3 ] 
23.07.2020 06:37:06 sql=[SELECT * FROM monhoc limit 9,3 ] 
23.07.2020 06:37:06 sql=[SELECT * FROM monhoc limit 12,3 ] 
23.07.2020 06:37:06 sql=[SELECT * FROM monhoc limit 15,3 ] 
23.07.2020 06:37:33 sql=[SELECT * FROM monhoc limit 9,3 ] 
23.07.2020 06:37:33 sql=[SELECT * FROM monhoc limit 12,3 ] 
23.07.2020 06:37:33 sql=[SELECT * FROM monhoc limit 15,3 ] 
23.07.2020 06:38:11 sql=[SELECT * FROM monhoc limit 9,3 ] 
23.07.2020 06:38:11 sql=[SELECT * FROM monhoc limit 12,3 ] 
23.07.2020 06:38:11 sql=[SELECT * FROM monhoc limit 15,3 ] 
23.07.2020 06:38:41 sql=[SELECT * FROM monhoc limit 9,3 ] 
23.07.2020 06:38:41 sql=[SELECT * FROM monhoc limit 12,3 ] 
23.07.2020 06:38:41 sql=[SELECT * FROM monhoc limit 15,3 ] 
23.07.2020 06:38:55 sql=[SELECT * FROM monhoc limit 9,3 ] 
23.07.2020 06:38:55 sql=[SELECT * FROM monhoc limit 12,3 ] 
23.07.2020 06:38:55 sql=[SELECT * FROM monhoc limit 15,3 ] 
23.07.2020 06:40:09 sql=[SELECT * FROM monhoc limit 9,3 ] 
23.07.2020 06:40:09 sql=[SELECT * FROM monhoc limit 12,3 ] 
23.07.2020 06:40:09 sql=[SELECT * FROM monhoc limit 15,3 ] 
23.07.2020 06:40:10 sql=[SELECT * FROM monhoc limit 9,3 ] 
23.07.2020 06:40:10 sql=[SELECT * FROM monhoc limit 12,3 ] 
23.07.2020 06:40:11 sql=[SELECT * FROM monhoc limit 15,3 ] 
23.07.2020 06:40:11 sql=[SELECT * FROM monhoc limit 9,3 ] 
23.07.2020 06:40:11 sql=[SELECT * FROM monhoc limit 12,3 ] 
23.07.2020 06:40:11 sql=[SELECT * FROM monhoc limit 15,3 ] 
23.07.2020 06:40:25 sql=[SELECT * FROM monhoc limit 9,3 ] 
23.07.2020 06:40:25 sql=[SELECT * FROM monhoc limit 12,3 ] 
23.07.2020 06:40:25 sql=[SELECT * FROM monhoc limit 15,3 ] 
23.07.2020 06:43:35 sql=[SELECT * FROM monhoc limit 9,3 ] 
23.07.2020 06:43:35 sql=[SELECT * FROM monhoc limit 12,3 ] 
23.07.2020 06:43:35 sql=[SELECT * FROM monhoc limit 15,3 ] 
23.07.2020 06:43:54 sql=[SELECT * FROM monhoc limit 9,3 ] 
23.07.2020 06:43:54 sql=[SELECT * FROM monhoc limit 12,3 ] 
23.07.2020 06:43:54 sql=[SELECT * FROM monhoc limit 15,3 ] 
23.07.2020 06:44:59 sql=[SELECT * FROM monhoc limit 9,3 ] 
23.07.2020 06:44:59 sql=[SELECT * FROM monhoc limit 12,3 ] 
23.07.2020 06:44:59 sql=[SELECT * FROM monhoc limit 15,3 ] 
23.07.2020 06:45:07 sql=[select id_tt,ten_tt from tintuc order by id_tt desc] 
23.07.2020 06:45:07 sql=[select id_tt,ten_tt from tintuc order by luotxem desc ] 
23.07.2020 06:47:38 sql=[SELECT * FROM monhoc limit 9,3 ] 
23.07.2020 06:47:38 sql=[SELECT * FROM monhoc limit 12,3 ] 
23.07.2020 06:47:38 sql=[SELECT * FROM monhoc limit 15,3 ] 
23.07.2020 06:49:29 sql=[SELECT * FROM monhoc limit 9,3 ] 
23.07.2020 06:49:29 sql=[SELECT * FROM monhoc limit 12,3 ] 
23.07.2020 06:49:29 sql=[SELECT * FROM monhoc limit 15,3 ] 
23.07.2020 06:53:29 sql=[SELECT * FROM monhoc limit 9,3 ] 
23.07.2020 06:53:29 sql=[SELECT * FROM monhoc limit 12,3 ] 
23.07.2020 06:53:29 sql=[SELECT * FROM monhoc limit 15,3 ] 
23.07.2020 06:55:17 sql=[SELECT * FROM monhoc limit 9,3 ] 
24.07.2020 03:43:09 sql=[SELECT * FROM monhoc limit 9,3 ] 
24.07.2020 03:45:10 sql=[select id_tt,ten_tt from tintuc order by id_tt desc] 
24.07.2020 03:45:10 sql=[select id_tt,ten_tt from tintuc order by luotxem desc ] 
24.07.2020 03:59:48 sql=[select id_tt,ten_tt from tintuc order by id_tt desc] 
24.07.2020 04:03:21 sql=[select id_tt,ten_tt from tintuc order by id_tt desc] 
24.07.2020 04:03:21 sql=[select id_tt,ten_tt from tintuc order by luotxem desc ] 
24.07.2020 04:03:33 sql=[SELECT * FROM monhoc limit 9,3 ] 
24.07.2020 04:03:33 sql=[select id_tt,ten_tt from tintuc order by id_tt desc] 
24.07.2020 04:03:33 sql=[select id_tt,ten_tt from tintuc order by luotxem desc ] 
24.07.2020 04:04:28 sql=[select id_tt,ten_tt from tintuc order by id_tt desc] 
24.07.2020 04:04:28 sql=[select id_tt,ten_tt from tintuc order by luotxem desc ] 
24.07.2020 04:04:36 sql=[SELECT * FROM monhoc limit 9,3 ] 
24.07.2020 04:04:36 sql=[select id_tt,ten_tt from tintuc order by id_tt desc] 
24.07.2020 04:04:36 sql=[select id_tt,ten_tt from tintuc order by luotxem desc ] 
24.07.2020 04:06:50 sql=[SELECT * FROM monhoc limit 9,3 ] 
24.07.2020 04:06:50 sql=[select id_tt,ten_tt from tintuc order by id_tt desc] 
24.07.2020 04:06:50 sql=[select id_tt,ten_tt from tintuc order by luotxem desc ] 
24.07.2020 04:07:56 sql=[SELECT * FROM monhoc limit 9,3 ] 
24.07.2020 04:07:56 sql=[SELECT * FROM monhoc limit 12,3 ] 
24.07.2020 04:07:56 sql=[select id_tt,ten_tt from tintuc order by id_tt desc] 
24.07.2020 04:07:56 sql=[select id_tt,ten_tt from tintuc order by luotxem desc ] 
24.07.2020 04:08:49 sql=[SELECT * FROM monhoc limit 9,3 ] 
24.07.2020 04:08:49 sql=[SELECT * FROM monhoc limit 12,3 ] 
24.07.2020 04:08:49 sql=[SELECT * FROM monhoc limit 15,3 ] 
24.07.2020 04:08:50 sql=[select id_tt,ten_tt from tintuc order by id_tt desc] 
24.07.2020 04:08:50 sql=[select id_tt,ten_tt from tintuc order by luotxem desc ] 
24.07.2020 04:09:28 sql=[select id_tt,ten_tt from tintuc order by id_tt desc] 
24.07.2020 04:09:28 sql=[select id_tt,ten_tt from tintuc order by luotxem desc ] 
24.07.2020 04:17:01 sql=[SELECT * FROM monhoc limit 0,9 ] 
24.07.2020 04:17:01 sql=[select id_tt,ten_tt from tintuc order by id_tt desc] 
24.07.2020 04:17:01 sql=[select id_tt,ten_tt from tintuc order by luotxem desc ] 
24.07.2020 04:22:18 sql=[SELECT * FROM monhoc limit 9,3 ] 
24.07.2020 04:22:18 sql=[SELECT * FROM monhoc limit 12,3 ] 
24.07.2020 04:22:18 sql=[SELECT * FROM monhoc limit 15,3 ] 
24.07.2020 04:22:18 sql=[select id_tt,ten_tt from tintuc order by id_tt desc] 
24.07.2020 04:22:18 sql=[select id_tt,ten_tt from tintuc order by luotxem desc ] 
24.07.2020 04:22:19 sql=[SELECT * FROM monhoc limit 0,9 ] 
24.07.2020 04:22:19 sql=[select id_tt,ten_tt from tintuc order by id_tt desc] 
24.07.2020 04:22:19 sql=[select id_tt,ten_tt from tintuc order by luotxem desc ] 
24.07.2020 04:22:23 sql=[select id_tt,ten_tt from tintuc order by id_tt desc] 
24.07.2020 04:22:23 sql=[select id_tt,ten_tt from tintuc order by luotxem desc ] 
24.07.2020 04:22:26 sql=[select id_tt,ten_tt from tintuc order by id_tt desc] 
24.07.2020 04:22:26 sql=[select id_tt,ten_tt from tintuc order by luotxem desc ] 
24.07.2020 04:23:13 sql=[select id_tt,ten_tt from tintuc order by id_tt desc] 
24.07.2020 04:23:13 sql=[select id_tt,ten_tt from tintuc order by luotxem desc ] 
24.07.2020 04:23:16 sql=[select id_tt,ten_tt from tintuc order by id_tt desc] 
24.07.2020 04:23:16 sql=[select id_tt,ten_tt from tintuc order by luotxem desc ] 
24.07.2020 04:23:18 sql=[select id_tt,ten_tt from tintuc order by id_tt desc] 
24.07.2020 04:23:19 sql=[select id_tt,ten_tt from tintuc order by luotxem desc ] 
24.07.2020 04:23:21 sql=[select id_tt,ten_tt from tintuc order by id_tt desc] 
24.07.2020 04:23:21 sql=[select id_tt,ten_tt from tintuc order by luotxem desc ] 
24.07.2020 04:23:22 sql=[select id_tt,ten_tt from tintuc order by id_tt desc] 
24.07.2020 04:23:22 sql=[select id_tt,ten_tt from tintuc order by luotxem desc ] 
24.07.2020 04:23:24 sql=[select id_tt,ten_tt from tintuc order by id_tt desc] 
24.07.2020 04:23:24 sql=[select id_tt,ten_tt from tintuc order by luotxem desc ] 
24.07.2020 04:23:27 sql=[select id_tt,ten_tt from tintuc order by id_tt desc] 
24.07.2020 04:23:27 sql=[select id_tt,ten_tt from tintuc order by luotxem desc ] 
24.07.2020 04:23:29 sql=[select id_tt,ten_tt from tintuc order by id_tt desc] 
24.07.2020 04:23:29 sql=[select id_tt,ten_tt from tintuc order by luotxem desc ] 
24.07.2020 04:23:50 sql=[SELECT * FROM monhoc limit 0,9 ] 
24.07.2020 04:23:50 sql=[select id_tt,ten_tt from tintuc order by id_tt desc] 
24.07.2020 04:23:50 sql=[select id_tt,ten_tt from tintuc order by luotxem desc ] 
24.07.2020 04:28:44 sql=[SELECT * FROM monhoc limit 9,3 ] 
24.07.2020 04:28:44 sql=[SELECT * FROM monhoc limit 12,3 ] 
24.07.2020 04:28:44 sql=[SELECT * FROM monhoc limit 15,3 ] 
24.07.2020 04:28:44 sql=[select id_tt,ten_tt from tintuc order by id_tt desc] 
24.07.2020 04:28:44 sql=[select id_tt,ten_tt from tintuc order by luotxem desc ] 
24.07.2020 04:28:46 sql=[select id_tt,ten_tt from tintuc order by id_tt desc] 
24.07.2020 04:28:46 sql=[select id_tt,ten_tt from tintuc order by luotxem desc ] 
24.07.2020 04:29:14 sql=[SELECT * FROM chitietmon WHERE id_ndm =  ] 
24.07.2020 04:29:14 Khong the select duoc,ERROR=[You have an error in your SQL syntax; check the manual that corresponds to your MariaDB server version for the right syntax to use near '' at line 1] 
24.07.2020 04:29:14 COUNT=[0] 
24.07.2020 04:29:14 sql=[select id_tt,ten_tt from tintuc order by id_tt desc] 
24.07.2020 04:29:14 sql=[select id_tt,ten_tt from tintuc order by luotxem desc ] 
24.07.2020 04:33:46 sql=[SELECT * FROM monhoc limit 0,9 ] 
24.07.2020 04:33:46 sql=[select id_tt,ten_tt from tintuc order by id_tt desc] 
24.07.2020 04:33:46 sql=[select id_tt,ten_tt from tintuc order by luotxem desc ] 
24.07.2020 04:33:48 sql=[SELECT * FROM noidungmon WHERE id_mh =  ] 
24.07.2020 04:33:48 Khong the select duoc,ERROR=[You have an error in your SQL syntax; check the manual that corresponds to your MariaDB server version for the right syntax to use near '' at line 1] 
24.07.2020 04:33:48 COUNT=[0] 
24.07.2020 04:33:48 sql=[select id_tt,ten_tt from tintuc order by id_tt desc] 
24.07.2020 04:33:48 sql=[select id_tt,ten_tt from tintuc order by luotxem desc ] 
24.07.2020 04:35:35 sql=[SELECT * FROM noidungmon WHERE id_mh =  ] 
24.07.2020 04:35:35 Khong the select duoc,ERROR=[You have an error in your SQL syntax; check the manual that corresponds to your MariaDB server version for the right syntax to use near '' at line 1] 
24.07.2020 04:35:35 COUNT=[0] 
24.07.2020 04:35:35 sql=[select id_tt,ten_tt from tintuc order by id_tt desc] 
24.07.2020 04:35:35 sql=[select id_tt,ten_tt from tintuc order by luotxem desc ] 
24.07.2020 04:36:43 sql=[SELECT * FROM noidungmon WHERE id_mh =  ] 
24.07.2020 04:36:43 Khong the select duoc,ERROR=[You have an error in your SQL syntax; check the manual that corresponds to your MariaDB server version for the right syntax to use near '' at line 1] 
24.07.2020 04:36:43 COUNT=[0] 
24.07.2020 04:36:43 sql=[select id_tt,ten_tt from tintuc order by id_tt desc] 
24.07.2020 04:36:43 sql=[select id_tt,ten_tt from tintuc order by luotxem desc ] 
24.07.2020 04:36:45 sql=[SELECT * FROM noidungmon WHERE id_mh =  ] 
24.07.2020 04:36:45 Khong the select duoc,ERROR=[You have an error in your SQL syntax; check the manual that corresponds to your MariaDB server version for the right syntax to use near '' at line 1] 
24.07.2020 04:36:45 COUNT=[0] 
24.07.2020 04:36:46 sql=[select id_tt,ten_tt from tintuc order by id_tt desc] 
24.07.2020 04:36:46 sql=[select id_tt,ten_tt from tintuc order by luotxem desc ] 
24.07.2020 04:37:36 sql=[SELECT * FROM noidungmon WHERE id_mh =  ] 
24.07.2020 04:37:36 Khong the select duoc,ERROR=[You have an error in your SQL syntax; check the manual that corresponds to your MariaDB server version for the right syntax to use near '' at line 1] 
24.07.2020 04:37:37 COUNT=[0] 
24.07.2020 04:37:37 sql=[select id_tt,ten_tt from tintuc order by id_tt desc] 
24.07.2020 04:37:37 sql=[select id_tt,ten_tt from tintuc order by luotxem desc ] 
24.07.2020 04:38:07 sql=[SELECT * FROM monhoc limit 0,9 ] 
24.07.2020 04:38:07 sql=[select id_tt,ten_tt from tintuc order by id_tt desc] 
24.07.2020 04:38:07 sql=[select id_tt,ten_tt from tintuc order by luotxem desc ] 
24.07.2020 04:38:20 sql=[SELECT * FROM monhoc limit 0,9 ] 
24.07.2020 04:38:20 sql=[select id_tt,ten_tt from tintuc order by id_tt desc] 
24.07.2020 04:38:20 sql=[select id_tt,ten_tt from tintuc order by luotxem desc ] 
24.07.2020 04:40:10 sql=[SELECT * FROM noidungmon WHERE id_mh =  ] 
24.07.2020 04:40:10 Khong the select duoc,ERROR=[You have an error in your SQL syntax; check the manual that corresponds to your MariaDB server version for the right syntax to use near '' at line 1] 
24.07.2020 04:40:10 COUNT=[0] 
24.07.2020 04:40:10 sql=[select id_tt,ten_tt from tintuc order by id_tt desc] 
24.07.2020 04:40:10 sql=[select id_tt,ten_tt from tintuc order by luotxem desc ] 
24.07.2020 04:40:16 sql=[SELECT * FROM noidungmon WHERE id_mh =  ] 
24.07.2020 04:40:16 Khong the select duoc,ERROR=[You have an error in your SQL syntax; check the manual that corresponds to your MariaDB server version for the right syntax to use near '' at line 1] 
24.07.2020 04:40:16 COUNT=[0] 
24.07.2020 04:40:16 sql=[select id_tt,ten_tt from tintuc order by id_tt desc] 
24.07.2020 04:40:16 sql=[select id_tt,ten_tt from tintuc order by luotxem desc ] 
24.07.2020 04:40:47 sql=[SELECT * FROM monhoc limit 0,9 ] 
24.07.2020 04:40:47 sql=[select id_tt,ten_tt from tintuc order by id_tt desc] 
24.07.2020 04:40:47 sql=[select id_tt,ten_tt from tintuc order by luotxem desc ] 
24.07.2020 04:41:34 sql=[SELECT * FROM monhoc limit 0,9 ] 
24.07.2020 04:41:34 sql=[select id_tt,ten_tt from tintuc order by id_tt desc] 
24.07.2020 04:41:34 sql=[select id_tt,ten_tt from tintuc order by luotxem desc ] 
24.07.2020 04:41:35 sql=[SELECT * FROM noidungmon WHERE id_mh =  ] 
24.07.2020 04:41:35 Khong the select duoc,ERROR=[You have an error in your SQL syntax; check the manual that corresponds to your MariaDB server version for the right syntax to use near '' at line 1] 
24.07.2020 04:41:35 COUNT=[0] 
24.07.2020 04:41:35 sql=[select id_tt,ten_tt from tintuc order by id_tt desc] 
24.07.2020 04:41:35 sql=[select id_tt,ten_tt from tintuc order by luotxem desc ] 
24.07.2020 05:01:20 sql=[SELECT * FROM monhoc limit 9,3 ] 
24.07.2020 05:01:20 sql=[SELECT * FROM monhoc limit 12,3 ] 
24.07.2020 05:01:20 sql=[SELECT * FROM monhoc limit 15,3 ] 
24.07.2020 05:01:20 sql=[select id_tt,ten_tt from tintuc order by id_tt desc] 
24.07.2020 05:01:20 sql=[select id_tt,ten_tt from tintuc order by luotxem desc ] 
24.07.2020 05:01:22 sql=[SELECT * FROM monhoc limit 0,9 ] 
24.07.2020 05:01:22 sql=[select id_tt,ten_tt from tintuc order by id_tt desc] 
24.07.2020 05:01:22 sql=[select id_tt,ten_tt from tintuc order by luotxem desc ] 
24.07.2020 05:01:23 sql=[SELECT * FROM noidungmon WHERE id_mh =  ] 
24.07.2020 05:01:23 Khong the select duoc,ERROR=[You have an error in your SQL syntax; check the manual that corresponds to your MariaDB server version for the right syntax to use near '' at line 1] 
24.07.2020 05:01:23 COUNT=[0] 
24.07.2020 05:01:23 sql=[select id_tt,ten_tt from tintuc order by id_tt desc] 
24.07.2020 05:01:23 sql=[select id_tt,ten_tt from tintuc order by luotxem desc ] 
24.07.2020 05:05:00 sql=[SELECT * FROM monhoc limit 9,3 ] 
24.07.2020 05:05:00 sql=[SELECT * FROM monhoc limit 12,3 ] 
24.07.2020 05:05:00 sql=[SELECT * FROM monhoc limit 15,3 ] 
24.07.2020 05:05:00 sql=[select id_tt,ten_tt from tintuc order by id_tt desc] 
24.07.2020 05:05:00 sql=[select id_tt,ten_tt from tintuc order by luotxem desc ] 
24.07.2020 05:05:42 sql=[SELECT * FROM monhoc limit 0,9 ] 
24.07.2020 05:05:42 sql=[select id_tt,ten_tt from tintuc order by id_tt desc] 
24.07.2020 05:05:42 sql=[select id_tt,ten_tt from tintuc order by luotxem desc ] 
24.07.2020 05:05:43 sql=[SELECT * FROM noidungmon WHERE id_mh =  ] 
24.07.2020 05:05:44 Khong the select duoc,ERROR=[You have an error in your SQL syntax; check the manual that corresponds to your MariaDB server version for the right syntax to use near '' at line 1] 
24.07.2020 05:05:44 COUNT=[0] 
24.07.2020 05:05:44 sql=[select id_tt,ten_tt from tintuc order by id_tt desc] 
24.07.2020 05:05:44 sql=[select id_tt,ten_tt from tintuc order by luotxem desc ] 
24.07.2020 05:10:54 sql=[SELECT * FROM noidungmon WHERE id_mh =  ] 
24.07.2020 05:10:54 Khong the select duoc,ERROR=[You have an error in your SQL syntax; check the manual that corresponds to your MariaDB server version for the right syntax to use near '' at line 1] 
24.07.2020 05:10:54 COUNT=[0] 
24.07.2020 05:10:54 sql=[select id_tt,ten_tt from tintuc order by id_tt desc] 
24.07.2020 05:10:54 sql=[select id_tt,ten_tt from tintuc order by luotxem desc ] 
24.07.2020 05:18:42 sql=[SELECT * FROM noidungmon WHERE id_mh = 1 ] 
24.07.2020 05:18:42 sql=[select id_tt,ten_tt from tintuc order by id_tt desc] 
24.07.2020 05:18:42 sql=[select id_tt,ten_tt from tintuc order by luotxem desc ] 
24.07.2020 05:19:09 sql=[SELECT * FROM noidungmon WHERE id_mh = 2 ] 
24.07.2020 05:19:09 sql=[select id_tt,ten_tt from tintuc order by id_tt desc] 
24.07.2020 05:19:09 sql=[select id_tt,ten_tt from tintuc order by luotxem desc ] 
24.07.2020 05:19:11 sql=[SELECT * FROM noidungmon WHERE id_mh = 3 ] 
24.07.2020 05:19:11 sql=[select id_tt,ten_tt from tintuc order by id_tt desc] 
24.07.2020 05:19:11 sql=[select id_tt,ten_tt from tintuc order by luotxem desc ] 
24.07.2020 05:19:43 sql=[SELECT * FROM noidungmon WHERE id_mh = 1 ] 
24.07.2020 05:19:43 sql=[select id_tt,ten_tt from tintuc order by id_tt desc] 
24.07.2020 05:19:43 sql=[select id_tt,ten_tt from tintuc order by luotxem desc ] 
24.07.2020 05:20:21 sql=[SELECT * FROM noidungmon WHERE id_mh = 1 ] 
24.07.2020 05:20:21 sql=[select id_tt,ten_tt from tintuc order by id_tt desc] 
24.07.2020 05:20:21 sql=[select id_tt,ten_tt from tintuc order by luotxem desc ] 
24.07.2020 05:20:22 sql=[SELECT * FROM chitietmon WHERE id_ndm = 0 ] 
24.07.2020 05:20:22 sql=[select id_tt,ten_tt from tintuc order by id_tt desc] 
24.07.2020 05:20:22 sql=[select id_tt,ten_tt from tintuc order by luotxem desc ] 
24.07.2020 05:21:57 sql=[SELECT * FROM chitietmon WHERE id_ndm =  ] 
24.07.2020 05:21:57 Khong the select duoc,ERROR=[You have an error in your SQL syntax; check the manual that corresponds to your MariaDB server version for the right syntax to use near '' at line 1] 
24.07.2020 05:21:57 COUNT=[0] 
24.07.2020 05:21:57 sql=[select id_tt,ten_tt from tintuc order by id_tt desc] 
24.07.2020 05:21:57 sql=[select id_tt,ten_tt from tintuc order by luotxem desc ] 
24.07.2020 05:22:55 sql=[SELECT * FROM chitietmon WHERE id_ndm = 1 ] 
24.07.2020 05:22:55 sql=[select id_tt,ten_tt from tintuc order by id_tt desc] 
24.07.2020 05:22:55 sql=[select id_tt,ten_tt from tintuc order by luotxem desc ] 
24.07.2020 05:22:58 sql=[SELECT * FROM chitietmon WHERE id_ndm = 1 ] 
24.07.2020 05:22:58 sql=[select id_tt,ten_tt from tintuc order by id_tt desc] 
24.07.2020 05:22:58 sql=[select id_tt,ten_tt from tintuc order by luotxem desc ] 
24.07.2020 05:22:59 sql=[SELECT * FROM chitietmon WHERE id_ndm = 1 ] 
24.07.2020 05:22:59 sql=[select id_tt,ten_tt from tintuc order by id_tt desc] 
24.07.2020 05:22:59 sql=[select id_tt,ten_tt from tintuc order by luotxem desc ] 
24.07.2020 05:31:07 sql=[SELECT * FROM chitietmon WHERE id_ndm = 0 ] 
24.07.2020 05:31:07 sql=[select id_tt,ten_tt from tintuc order by id_tt desc] 
24.07.2020 05:31:07 sql=[select id_tt,ten_tt from tintuc order by luotxem desc ] 
24.07.2020 05:58:40 sql=[SELECT * FROM monhoc limit 9,3 ] 
24.07.2020 05:58:40 sql=[SELECT * FROM monhoc limit 12,3 ] 
24.07.2020 05:58:40 sql=[SELECT * FROM monhoc limit 15,3 ] 
24.07.2020 05:58:40 sql=[select id_tt,ten_tt from tintuc order by id_tt desc] 
24.07.2020 05:58:40 sql=[select id_tt,ten_tt from tintuc order by luotxem desc ] 
24.07.2020 05:58:43 sql=[SELECT * FROM monhoc limit 0,9 ] 
24.07.2020 05:58:43 sql=[select id_tt,ten_tt from tintuc order by id_tt desc] 
24.07.2020 05:58:43 sql=[select id_tt,ten_tt from tintuc order by luotxem desc ] 
24.07.2020 05:59:02 sql=[SELECT * FROM noidungmon WHERE id_mh = 1 ] 
24.07.2020 05:59:02 sql=[select id_tt,ten_tt from tintuc order by id_tt desc] 
24.07.2020 05:59:02 sql=[select id_tt,ten_tt from tintuc order by luotxem desc ] 
24.07.2020 06:00:22 sql=[SELECT * FROM noidungmon WHERE id_mh = 1 ] 
24.07.2020 06:00:22 sql=[select id_tt,ten_tt from tintuc order by id_tt desc] 
24.07.2020 06:00:22 sql=[select id_tt,ten_tt from tintuc order by luotxem desc ] 
24.07.2020 06:01:17 sql=[SELECT * FROM chitietmon WHERE id_ndm = 0 ] 
24.07.2020 06:01:17 sql=[select id_tt,ten_tt from tintuc order by id_tt desc] 
24.07.2020 06:01:17 sql=[select id_tt,ten_tt from tintuc order by luotxem desc ] 
24.07.2020 10:05:57 sql=[SELECT * FROM monhoc limit 9,3 ] 
24.07.2020 10:05:57 sql=[SELECT * FROM monhoc limit 12,3 ] 
24.07.2020 10:05:57 sql=[SELECT * FROM monhoc limit 15,3 ] 
24.07.2020 10:05:57 sql=[select id_tt,ten_tt from tintuc order by id_tt desc] 
24.07.2020 10:05:57 sql=[select id_tt,ten_tt from tintuc order by luotxem desc ] 
24.07.2020 10:06:04 sql=[SELECT * FROM monhoc limit 0,9 ] 
24.07.2020 10:06:04 sql=[select id_tt,ten_tt from tintuc order by id_tt desc] 
24.07.2020 10:06:04 sql=[select id_tt,ten_tt from tintuc order by luotxem desc ] 
24.07.2020 10:06:07 sql=[SELECT * FROM noidungmon WHERE id_mh = 1 ] 
24.07.2020 10:06:07 sql=[select id_tt,ten_tt from tintuc order by id_tt desc] 
24.07.2020 10:06:07 sql=[select id_tt,ten_tt from tintuc order by luotxem desc ] 
24.07.2020 10:06:12 sql=[select id_tt,ten_tt from tintuc order by id_tt desc] 
24.07.2020 10:06:12 sql=[select id_tt,ten_tt from tintuc order by luotxem desc ] 
24.07.2020 10:08:55 sql=[SELECT * FROM monhoc limit 0,9 ] 
24.07.2020 10:08:55 sql=[select id_tt,ten_tt from tintuc order by id_tt desc] 
24.07.2020 10:08:55 sql=[select id_tt,ten_tt from tintuc order by luotxem desc ] 
24.07.2020 10:08:56 sql=[SELECT * FROM noidungmon WHERE id_mh = 1 ] 
24.07.2020 10:08:56 sql=[select id_tt,ten_tt from tintuc order by id_tt desc] 
24.07.2020 10:08:56 sql=[select id_tt,ten_tt from tintuc order by luotxem desc ] 
24.07.2020 10:08:58 sql=[SELECT * FROM chitietmon WHERE id_ndm = 0 ] 
24.07.2020 10:08:58 sql=[select id_tt,ten_tt from tintuc order by id_tt desc] 
24.07.2020 10:08:58 sql=[select id_tt,ten_tt from tintuc order by luotxem desc ] 
24.07.2020 10:10:27 sql=[SELECT * FROM chitietmon WHERE id_ndm = 1 ] 
24.07.2020 10:10:27 sql=[select id_tt,ten_tt from tintuc order by id_tt desc] 
24.07.2020 10:10:27 sql=[select id_tt,ten_tt from tintuc order by luotxem desc ] 
24.07.2020 10:12:39 sql=[SELECT * FROM chitietmon WHERE id_ndm = 1 ] 
24.07.2020 10:12:39 sql=[select id_tt,ten_tt from tintuc order by id_tt desc] 
24.07.2020 10:12:39 sql=[select id_tt,ten_tt from tintuc order by luotxem desc ] 
24.07.2020 10:13:06 sql=[SELECT * FROM chitietmon WHERE id_ndm = 1 ] 
24.07.2020 10:13:06 sql=[select id_tt,ten_tt from tintuc order by id_tt desc] 
24.07.2020 10:13:06 sql=[select id_tt,ten_tt from tintuc order by luotxem desc ] 
24.07.2020 10:13:16 sql=[SELECT * FROM chitietmon WHERE id_ndm = 1 ] 
24.07.2020 10:13:16 sql=[select id_tt,ten_tt from tintuc order by id_tt desc] 
24.07.2020 10:13:16 sql=[select id_tt,ten_tt from tintuc order by luotxem desc ] 
24.07.2020 10:15:12 sql=[SELECT * FROM chitietmon WHERE id_ndm = 1 ] 
24.07.2020 10:15:12 sql=[select id_tt,ten_tt from tintuc order by id_tt desc] 
24.07.2020 10:15:12 sql=[select id_tt,ten_tt from tintuc order by luotxem desc ] 
24.07.2020 10:16:40 sql=[SELECT * FROM chitietmon WHERE id_ndm ={ 1} ] 
24.07.2020 10:16:40 Khong the select duoc,ERROR=[You have an error in your SQL syntax; check the manual that corresponds to your MariaDB server version for the right syntax to use near '1}' at line 1] 
24.07.2020 10:16:40 COUNT=[0] 
24.07.2020 10:16:40 sql=[select id_tt,ten_tt from tintuc order by id_tt desc] 
24.07.2020 10:16:40 sql=[select id_tt,ten_tt from tintuc order by luotxem desc ] 
24.07.2020 10:16:48 sql=[SELECT * FROM chitietmon WHERE id_ndm =1 ] 
24.07.2020 10:16:48 sql=[select id_tt,ten_tt from tintuc order by id_tt desc] 
24.07.2020 10:16:48 sql=[select id_tt,ten_tt from tintuc order by luotxem desc ] 
24.07.2020 10:16:49 sql=[SELECT * FROM chitietmon WHERE id_ndm =1 ] 
24.07.2020 10:16:49 sql=[select id_tt,ten_tt from tintuc order by id_tt desc] 
24.07.2020 10:16:49 sql=[select id_tt,ten_tt from tintuc order by luotxem desc ] 
24.07.2020 10:16:50 sql=[SELECT * FROM chitietmon WHERE id_ndm =1 ] 
24.07.2020 10:16:50 sql=[select id_tt,ten_tt from tintuc order by id_tt desc] 
24.07.2020 10:16:50 sql=[select id_tt,ten_tt from tintuc order by luotxem desc ] 
24.07.2020 10:16:50 sql=[SELECT * FROM chitietmon WHERE id_ndm =1 ] 
24.07.2020 10:16:50 sql=[select id_tt,ten_tt from tintuc order by id_tt desc] 
24.07.2020 10:16:51 sql=[select id_tt,ten_tt from tintuc order by luotxem desc ] 
24.07.2020 10:18:33 sql=[SELECT * FROM chitietmon WHERE id_ndm =0 ] 
24.07.2020 10:18:33 sql=[select id_tt,ten_tt from tintuc order by id_tt desc] 
24.07.2020 10:18:33 sql=[select id_tt,ten_tt from tintuc order by luotxem desc ] 
24.07.2020 10:18:35 sql=[SELECT * FROM chitietmon WHERE id_ndm =0 ] 
24.07.2020 10:18:35 sql=[select id_tt,ten_tt from tintuc order by id_tt desc] 
24.07.2020 10:18:35 sql=[select id_tt,ten_tt from tintuc order by luotxem desc ] 
24.07.2020 10:19:02 sql=[SELECT * FROM chitietmon WHERE id_ndm =0 ] 
24.07.2020 10:19:02 sql=[select id_tt,ten_tt from tintuc order by id_tt desc] 
24.07.2020 10:19:02 sql=[select id_tt,ten_tt from tintuc order by luotxem desc ] 
24.07.2020 10:19:28 sql=[SELECT * FROM chitietmon WHERE id_ndm =0 ] 
24.07.2020 10:19:28 sql=[select id_tt,ten_tt from tintuc order by id_tt desc] 
24.07.2020 10:19:28 sql=[select id_tt,ten_tt from tintuc order by luotxem desc ] 
24.07.2020 10:20:14 sql=[SELECT * FROM chitietmon WHERE id_ndm =0 ] 
24.07.2020 10:20:14 sql=[select id_tt,ten_tt from tintuc order by id_tt desc] 
24.07.2020 10:20:14 sql=[select id_tt,ten_tt from tintuc order by luotxem desc ] 
24.07.2020 10:20:55 sql=[SELECT * FROM chitietmon WHERE id_ndm ={1} ] 
24.07.2020 10:20:55 Khong the select duoc,ERROR=[You have an error in your SQL syntax; check the manual that corresponds to your MariaDB server version for the right syntax to use near '1}' at line 1] 
24.07.2020 10:20:55 COUNT=[0] 
24.07.2020 10:20:55 sql=[select id_tt,ten_tt from tintuc order by id_tt desc] 
24.07.2020 10:20:55 sql=[select id_tt,ten_tt from tintuc order by luotxem desc ] 
24.07.2020 10:20:56 sql=[SELECT * FROM chitietmon WHERE id_ndm ={1} ] 
24.07.2020 10:20:56 Khong the select duoc,ERROR=[You have an error in your SQL syntax; check the manual that corresponds to your MariaDB server version for the right syntax to use near '1}' at line 1] 
24.07.2020 10:20:56 COUNT=[0] 
24.07.2020 10:20:56 sql=[select id_tt,ten_tt from tintuc order by id_tt desc] 
24.07.2020 10:20:56 sql=[select id_tt,ten_tt from tintuc order by luotxem desc ] 
24.07.2020 10:21:16 sql=[SELECT * FROM chitietmon WHERE id_ndm =1 ] 
24.07.2020 10:21:16 sql=[select id_tt,ten_tt from tintuc order by id_tt desc] 
24.07.2020 10:21:16 sql=[select id_tt,ten_tt from tintuc order by luotxem desc ] 
24.07.2020 10:21:17 sql=[SELECT * FROM chitietmon WHERE id_ndm =1 ] 
24.07.2020 10:21:17 sql=[select id_tt,ten_tt from tintuc order by id_tt desc] 
24.07.2020 10:21:17 sql=[select id_tt,ten_tt from tintuc order by luotxem desc ] 
24.07.2020 10:22:39 sql=[SELECT * FROM chitietmon WHERE id_ndm =0 ] 
24.07.2020 10:22:39 sql=[select id_tt,ten_tt from tintuc order by id_tt desc] 
24.07.2020 10:22:39 sql=[select id_tt,ten_tt from tintuc order by luotxem desc ] 
24.07.2020 10:22:43 sql=[SELECT * FROM chitietmon WHERE id_ndm =0 ] 
24.07.2020 10:22:43 sql=[select id_tt,ten_tt from tintuc order by id_tt desc] 
24.07.2020 10:22:43 sql=[select id_tt,ten_tt from tintuc order by luotxem desc ] 
24.07.2020 10:22:51 sql=[SELECT * FROM chitietmon WHERE id_ndm =0 ] 
24.07.2020 10:22:51 sql=[select id_tt,ten_tt from tintuc order by id_tt desc] 
24.07.2020 10:22:51 sql=[select id_tt,ten_tt from tintuc order by luotxem desc ] 
24.07.2020 10:25:37 sql=[SELECT * FROM chitietmon WHERE id_ndm =0 ] 
24.07.2020 10:25:37 sql=[select id_tt,ten_tt from tintuc order by id_tt desc] 
24.07.2020 10:25:37 sql=[select id_tt,ten_tt from tintuc order by luotxem desc ] 
24.07.2020 10:26:31 sql=[SELECT * FROM chitietmon WHERE id_ndm =0 ] 
24.07.2020 10:26:31 sql=[select id_tt,ten_tt from tintuc order by id_tt desc] 
24.07.2020 10:26:31 sql=[select id_tt,ten_tt from tintuc order by luotxem desc ] 
24.07.2020 10:26:39 sql=[SELECT * FROM chitietmon WHERE id_ndm =0 ] 
24.07.2020 10:26:39 sql=[select id_tt,ten_tt from tintuc order by id_tt desc] 
24.07.2020 10:26:39 sql=[select id_tt,ten_tt from tintuc order by luotxem desc ] 
24.07.2020 10:30:31 sql=[SELECT * FROM chitietmon WHERE id_ndm =4 ] 
24.07.2020 10:30:31 sql=[select id_tt,ten_tt from tintuc order by id_tt desc] 
24.07.2020 10:30:32 sql=[select id_tt,ten_tt from tintuc order by luotxem desc ] 
24.07.2020 10:31:06 sql=[SELECT * FROM chitietmon WHERE id_ndm =4 ] 
24.07.2020 10:31:06 sql=[select id_tt,ten_tt from tintuc order by id_tt desc] 
24.07.2020 10:31:06 sql=[select id_tt,ten_tt from tintuc order by luotxem desc ] 
24.07.2020 10:31:14 sql=[SELECT * FROM chitietmon WHERE id_ndm =3 ] 
24.07.2020 10:31:14 sql=[select id_tt,ten_tt from tintuc order by id_tt desc] 
24.07.2020 10:31:14 sql=[select id_tt,ten_tt from tintuc order by luotxem desc ] 
24.07.2020 10:31:22 sql=[SELECT * FROM chitietmon WHERE id_ndm =4 ] 
24.07.2020 10:31:22 sql=[select id_tt,ten_tt from tintuc order by id_tt desc] 
24.07.2020 10:31:22 sql=[select id_tt,ten_tt from tintuc order by luotxem desc ] 
24.07.2020 10:31:28 sql=[SELECT * FROM monhoc limit 9,3 ] 
24.07.2020 10:31:28 sql=[SELECT * FROM monhoc limit 12,3 ] 
24.07.2020 10:31:28 sql=[SELECT * FROM monhoc limit 15,3 ] 
24.07.2020 10:31:28 sql=[select id_tt,ten_tt from tintuc order by id_tt desc] 
24.07.2020 10:31:28 sql=[select id_tt,ten_tt from tintuc order by luotxem desc ] 
24.07.2020 10:31:33 sql=[select id_tt,ten_tt from tintuc order by id_tt desc] 
24.07.2020 10:31:33 sql=[select id_tt,ten_tt from tintuc order by luotxem desc ] 
24.07.2020 10:33:20 sql=[SELECT * FROM monhoc limit 0,9 ] 
24.07.2020 10:33:20 sql=[select id_tt,ten_tt from tintuc order by id_tt desc] 
24.07.2020 10:33:20 sql=[select id_tt,ten_tt from tintuc order by luotxem desc ] 
24.07.2020 10:33:54 sql=[SELECT * FROM monhoc limit 0,9 ] 
24.07.2020 10:33:54 sql=[select id_tt,ten_tt from tintuc order by id_tt desc] 
24.07.2020 10:33:54 sql=[select id_tt,ten_tt from tintuc order by luotxem desc ] 
24.07.2020 10:33:55 sql=[] 
24.07.2020 10:33:55 sql=[select id_tt,ten_tt from tintuc order by id_tt desc] 
24.07.2020 10:33:55 sql=[select id_tt,ten_tt from tintuc order by luotxem desc ] 
24.07.2020 10:44:36 sql=[select cauhoi1.id1,cauhoi1.cauhoide1,phuongan1.a,phuongan1.b,phuongan1.c,phuongan1.d from cauhoi1,phuongan1 where cauhoi1.id1=phuongan1.id1 and id_mh=1  ORDER BY RAND() LIMIT 10] 
24.07.2020 10:44:36 sql=[select id_tt,ten_tt from tintuc order by id_tt desc] 
24.07.2020 10:44:36 sql=[select id_tt,ten_tt from tintuc order by luotxem desc ] 
24.07.2020 10:48:14 sql=[select cauhoi1.id1,cauhoi1.cauhoide1,phuongan1.a,phuongan1.b,phuongan1.c,phuongan1.d from cauhoi1,phuongan1 where cauhoi1.id1=phuongan1.id1 and id_mh=1  ORDER BY RAND() LIMIT 10] 
24.07.2020 10:48:14 sql=[select id_tt,ten_tt from tintuc order by id_tt desc] 
24.07.2020 10:48:14 sql=[select id_tt,ten_tt from tintuc order by luotxem desc ] 
24.07.2020 10:48:42 sql=[select cauhoi1.id1,cauhoi1.cauhoide1,phuongan1.a,phuongan1.b,phuongan1.c,phuongan1.d from cauhoi1,phuongan1 where cauhoi1.id1=phuongan1.id1 and id_mh=1  ORDER BY RAND() LIMIT 10] 
24.07.2020 10:48:42 sql=[select id_tt,ten_tt from tintuc order by id_tt desc] 
24.07.2020 10:48:42 sql=[select id_tt,ten_tt from tintuc order by luotxem desc ] 
24.07.2020 10:48:43 sql=[select cauhoi1.id1,cauhoi1.cauhoide1,phuongan1.a,phuongan1.b,phuongan1.c,phuongan1.d from cauhoi1,phuongan1 where cauhoi1.id1=phuongan1.id1 and id_mh=1  ORDER BY RAND() LIMIT 10] 
24.07.2020 10:48:43 sql=[select id_tt,ten_tt from tintuc order by id_tt desc] 
24.07.2020 10:48:43 sql=[select id_tt,ten_tt from tintuc order by luotxem desc ] 
24.07.2020 10:49:04 sql=[select cauhoi1.id1,cauhoi1.cauhoide1,phuongan1.a,phuongan1.b,phuongan1.c,phuongan1.d from cauhoi1,phuongan1 where cauhoi1.id1=phuongan1.id1 and id_mh=1  ORDER BY RAND() LIMIT 10] 
24.07.2020 10:49:04 sql=[select id_tt,ten_tt from tintuc order by id_tt desc] 
24.07.2020 10:49:04 sql=[select id_tt,ten_tt from tintuc order by luotxem desc ] 
24.07.2020 10:50:39 sql=[select cauhoi1.id1,cauhoi1.cauhoide1,phuongan1.a,phuongan1.b,phuongan1.c,phuongan1.d from cauhoi1,phuongan1 where cauhoi1.id1=phuongan1.id1 and id_mh=1  ORDER BY RAND() LIMIT 10] 
24.07.2020 10:50:39 sql=[select id_tt,ten_tt from tintuc order by id_tt desc] 
24.07.2020 10:50:39 sql=[select id_tt,ten_tt from tintuc order by luotxem desc ] 
24.07.2020 10:50:40 sql=[select cauhoi1.id1,cauhoi1.cauhoide1,phuongan1.a,phuongan1.b,phuongan1.c,phuongan1.d from cauhoi1,phuongan1 where cauhoi1.id1=phuongan1.id1 and id_mh=1  ORDER BY RAND() LIMIT 10] 
24.07.2020 10:50:40 sql=[select id_tt,ten_tt from tintuc order by id_tt desc] 
24.07.2020 10:50:40 sql=[select id_tt,ten_tt from tintuc order by luotxem desc ] 
24.07.2020 10:50:42 sql=[select cauhoi1.id1,cauhoi1.cauhoide1,phuongan1.a,phuongan1.b,phuongan1.c,phuongan1.d from cauhoi1,phuongan1 where cauhoi1.id1=phuongan1.id1 and id_mh=1  ORDER BY RAND() LIMIT 10] 
24.07.2020 10:50:42 sql=[select id_tt,ten_tt from tintuc order by id_tt desc] 
24.07.2020 10:50:42 sql=[select id_tt,ten_tt from tintuc order by luotxem desc ] 
24.07.2020 10:51:52 sql=[select cauhoi1.id1,cauhoi1.cauhoide1,phuongan1.a,phuongan1.b,phuongan1.c,phuongan1.d from cauhoi1,phuongan1 where cauhoi1.id1=phuongan1.id1 and id_mh=1  ORDER BY RAND() LIMIT 10] 
24.07.2020 10:51:52 sql=[select id_tt,ten_tt from tintuc order by id_tt desc] 
24.07.2020 10:51:52 sql=[select id_tt,ten_tt from tintuc order by luotxem desc ] 
24.07.2020 10:53:21 sql=[select cauhoi1.id1,cauhoi1.cauhoide1,phuongan1.a,phuongan1.b,phuongan1.c,phuongan1.d from cauhoi1,phuongan1 where cauhoi1.id1=phuongan1.id1 and id_mh=1  ORDER BY RAND() LIMIT 10] 
24.07.2020 10:53:21 sql=[select id_tt,ten_tt from tintuc order by id_tt desc] 
24.07.2020 10:53:21 sql=[select id_tt,ten_tt from tintuc order by luotxem desc ] 
24.07.2020 10:55:23 sql=[select cauhoi1.id1,cauhoi1.cauhoide1,phuongan1.a,phuongan1.b,phuongan1.c,phuongan1.d from cauhoi1,phuongan1 where cauhoi1.id1=phuongan1.id1 and id_mh=1  ORDER BY RAND() LIMIT 10] 
24.07.2020 10:55:23 sql=[select id_tt,ten_tt from tintuc order by id_tt desc] 
24.07.2020 10:55:23 sql=[select id_tt,ten_tt from tintuc order by luotxem desc ] 
24.07.2020 10:55:26 sql=[select cauhoi1.id1,cauhoi1.cauhoide1,phuongan1.a,phuongan1.b,phuongan1.c,phuongan1.d from cauhoi1,phuongan1 where cauhoi1.id1=phuongan1.id1 and id_mh=1  ORDER BY RAND() LIMIT 10] 
24.07.2020 10:55:26 sql=[select id_tt,ten_tt from tintuc order by id_tt desc] 
24.07.2020 10:55:26 sql=[select id_tt,ten_tt from tintuc order by luotxem desc ] 
24.07.2020 10:55:33 sql=[select cauhoi1.id1,cauhoi1.cauhoide1,phuongan1.a,phuongan1.b,phuongan1.c,phuongan1.d from cauhoi1,phuongan1 where cauhoi1.id1=phuongan1.id1 and id_mh=1  ORDER BY RAND() LIMIT 10] 
24.07.2020 10:55:33 sql=[select id_tt,ten_tt from tintuc order by id_tt desc] 
24.07.2020 10:55:33 sql=[select id_tt,ten_tt from tintuc order by luotxem desc ] 
24.07.2020 10:57:42 sql=[select cauhoi1.id1,cauhoi1.cauhoide1,phuongan1.a,phuongan1.b,phuongan1.c,phuongan1.d from cauhoi1,phuongan1 where cauhoi1.id1=phuongan1.id1 and id_mh=1  ORDER BY RAND() LIMIT 10] 
24.07.2020 10:57:42 sql=[select id_tt,ten_tt from tintuc order by id_tt desc] 
24.07.2020 10:57:42 sql=[select id_tt,ten_tt from tintuc order by luotxem desc ] 
24.07.2020 10:58:29 sql=[select cauhoi1.id1,cauhoi1.cauhoide1,phuongan1.a,phuongan1.b,phuongan1.c,phuongan1.d from cauhoi1,phuongan1 where cauhoi1.id1=phuongan1.id1 and id_mh=1  ORDER BY RAND() LIMIT 10] 
24.07.2020 10:58:29 sql=[select id_tt,ten_tt from tintuc order by id_tt desc] 
24.07.2020 10:58:29 sql=[select id_tt,ten_tt from tintuc order by luotxem desc ] 
24.07.2020 10:59:03 sql=[select cauhoi1.id1,cauhoi1.cauhoide1,phuongan1.a,phuongan1.b,phuongan1.c,phuongan1.d from cauhoi1,phuongan1 where cauhoi1.id1=phuongan1.id1 and id_mh=1  ORDER BY RAND() LIMIT 10] 
24.07.2020 10:59:03 sql=[select id_tt,ten_tt from tintuc order by id_tt desc] 
24.07.2020 10:59:03 sql=[select id_tt,ten_tt from tintuc order by luotxem desc ] 
24.07.2020 10:59:09 sql=[select cauhoi1.id1,cauhoi1.cauhoide1,phuongan1.a,phuongan1.b,phuongan1.c,phuongan1.d from cauhoi1,phuongan1 where cauhoi1.id1=phuongan1.id1 and id_mh=1  ORDER BY RAND() LIMIT 10] 
24.07.2020 10:59:09 sql=[select id_tt,ten_tt from tintuc order by id_tt desc] 
24.07.2020 10:59:09 sql=[select id_tt,ten_tt from tintuc order by luotxem desc ] 
24.07.2020 10:59:40 sql=[select cauhoi1.id1,cauhoi1.cauhoide1,phuongan1.a,phuongan1.b,phuongan1.c,phuongan1.d from cauhoi1,phuongan1 where cauhoi1.id1=phuongan1.id1 and id_mh=1  ORDER BY RAND() LIMIT 10] 
24.07.2020 10:59:40 sql=[select id_tt,ten_tt from tintuc order by id_tt desc] 
24.07.2020 10:59:40 sql=[select id_tt,ten_tt from tintuc order by luotxem desc ] 
24.07.2020 11:02:00 sql=[select cauhoi1.id1,cauhoi1.cauhoide1,phuongan1.a,phuongan1.b,phuongan1.c,phuongan1.d from cauhoi1,phuongan1 where cauhoi1.id1=phuongan1.id1 and id_mh=1  ORDER BY RAND() LIMIT 10] 
24.07.2020 11:02:00 sql=[select id_tt,ten_tt from tintuc order by id_tt desc] 
24.07.2020 11:02:00 sql=[select id_tt,ten_tt from tintuc order by luotxem desc ] 
24.07.2020 06:53:27 sql=[select id_tt,ten_tt from tintuc order by id_tt desc] 
24.07.2020 06:53:28 sql=[select id_tt,ten_tt from tintuc order by luotxem desc ] 
24.07.2020 06:53:34 sql=[SELECT * FROM monhoc limit 9,3 ] 
24.07.2020 06:53:34 sql=[SELECT * FROM monhoc limit 12,3 ] 
24.07.2020 06:53:34 sql=[SELECT * FROM monhoc limit 15,3 ] 
24.07.2020 06:53:34 sql=[select id_tt,ten_tt from tintuc order by id_tt desc] 
24.07.2020 06:53:34 sql=[select id_tt,ten_tt from tintuc order by luotxem desc ] 
24.07.2020 06:55:56 sql=[SELECT * FROM monhoc limit 0,9 ] 
24.07.2020 06:55:56 sql=[select id_tt,ten_tt from tintuc order by id_tt desc] 
24.07.2020 06:55:56 sql=[select id_tt,ten_tt from tintuc order by luotxem desc ] 
24.07.2020 06:55:58 sql=[SELECT * FROM noidungmon WHERE id_mh = 1 ] 
24.07.2020 06:55:58 sql=[select id_tt,ten_tt from tintuc order by id_tt desc] 
24.07.2020 06:55:58 sql=[select id_tt,ten_tt from tintuc order by luotxem desc ] 
24.07.2020 06:55:59 sql=[SELECT * FROM chitietmon WHERE id_ndm =1 ] 
24.07.2020 06:55:59 sql=[select id_tt,ten_tt from tintuc order by id_tt desc] 
24.07.2020 06:55:59 sql=[select id_tt,ten_tt from tintuc order by luotxem desc ] 
24.07.2020 07:03:23 sql=[SELECT * FROM chitietmon WHERE id_ndm =1 ] 
24.07.2020 07:03:23 sql=[select id_tt,ten_tt from tintuc order by id_tt desc] 
24.07.2020 07:03:24 sql=[select id_tt,ten_tt from tintuc order by luotxem desc ] 
24.07.2020 07:10:55 sql=[SELECT * FROM chitietmon WHERE id_ndm =1 ] 
24.07.2020 07:10:55 sql=[select id_tt,ten_tt from tintuc order by id_tt desc] 
24.07.2020 07:10:55 sql=[select id_tt,ten_tt from tintuc order by luotxem desc ] 
24.07.2020 07:15:24 sql=[SELECT * FROM chitietmon WHERE id_ndm =1 ] 
24.07.2020 07:15:24 sql=[select id_tt,ten_tt from tintuc order by id_tt desc] 
24.07.2020 07:15:24 sql=[select id_tt,ten_tt from tintuc order by luotxem desc ] 
24.07.2020 07:15:27 sql=[select ten_tt,noidung_tt,id_tt from tintuc where id_tt= order by id_tt desc] 
24.07.2020 07:15:27 Khong the select duoc,ERROR=[You have an error in your SQL syntax; check the manual that corresponds to your MariaDB server version for the right syntax to use near 'order by id_tt desc' at line 1] 
24.07.2020 07:15:27 COUNT=[0] 
24.07.2020 07:15:27 sql=[select id_tt,ten_tt from tintuc order by id_tt desc] 
24.07.2020 07:15:27 sql=[select id_tt,ten_tt from tintuc order by luotxem desc ] 
24.07.2020 07:17:27 sql=[select ten_tt,noidung_tt,id_tt from tintuc where id_tt= order by id_tt desc] 
24.07.2020 07:17:27 Khong the select duoc,ERROR=[You have an error in your SQL syntax; check the manual that corresponds to your MariaDB server version for the right syntax to use near 'order by id_tt desc' at line 1] 
24.07.2020 07:17:27 COUNT=[0] 
24.07.2020 07:17:27 sql=[select id_tt,ten_tt from tintuc order by id_tt desc] 
24.07.2020 07:17:27 sql=[select id_tt,ten_tt from tintuc order by luotxem desc ] 
24.07.2020 07:17:29 sql=[select ten_tt,noidung_tt,id_tt from tintuc where id_tt= order by id_tt desc] 
24.07.2020 07:17:29 Khong the select duoc,ERROR=[You have an error in your SQL syntax; check the manual that corresponds to your MariaDB server version for the right syntax to use near 'order by id_tt desc' at line 1] 
24.07.2020 07:17:29 COUNT=[0] 
24.07.2020 07:17:29 sql=[select id_tt,ten_tt from tintuc order by id_tt desc] 
24.07.2020 07:17:29 sql=[select id_tt,ten_tt from tintuc order by luotxem desc ] 
24.07.2020 07:18:35 sql=[select ten_tt,noidung_tt,id_tt from tintuc where id_tt= order by id_tt desc] 
24.07.2020 07:18:35 Khong the select duoc,ERROR=[You have an error in your SQL syntax; check the manual that corresponds to your MariaDB server version for the right syntax to use near 'order by id_tt desc' at line 1] 
24.07.2020 07:18:35 COUNT=[0] 
24.07.2020 07:18:35 sql=[select id_tt,ten_tt from tintuc order by id_tt desc] 
24.07.2020 07:18:35 sql=[select id_tt,ten_tt from tintuc order by luotxem desc ] 
24.07.2020 07:18:37 sql=[select ten_tt,noidung_tt,id_tt from tintuc where id_tt= order by id_tt desc] 
24.07.2020 07:18:37 Khong the select duoc,ERROR=[You have an error in your SQL syntax; check the manual that corresponds to your MariaDB server version for the right syntax to use near 'order by id_tt desc' at line 1] 
24.07.2020 07:18:37 COUNT=[0] 
24.07.2020 07:18:37 sql=[select id_tt,ten_tt from tintuc order by id_tt desc] 
24.07.2020 07:18:37 sql=[select id_tt,ten_tt from tintuc order by luotxem desc ] 
24.07.2020 07:20:04 sql=[select ten_tt,noidung_tt,id_tt from tintuc where id_tt= order by id_tt desc] 
24.07.2020 07:20:04 Khong the select duoc,ERROR=[You have an error in your SQL syntax; check the manual that corresponds to your MariaDB server version for the right syntax to use near 'order by id_tt desc' at line 1] 
24.07.2020 07:20:04 COUNT=[0] 
24.07.2020 07:20:04 sql=[select id_tt,ten_tt from tintuc order by id_tt desc] 
24.07.2020 07:20:04 sql=[select id_tt,ten_tt from tintuc order by luotxem desc ] 
24.07.2020 07:21:23 sql=[select ten_tt,noidung_tt,id_tt from tintuc where id_tt= order by id_tt desc] 
24.07.2020 07:21:23 Khong the select duoc,ERROR=[You have an error in your SQL syntax; check the manual that corresponds to your MariaDB server version for the right syntax to use near 'order by id_tt desc' at line 1] 
24.07.2020 07:21:23 COUNT=[0] 
24.07.2020 07:21:23 sql=[select id_tt,ten_tt from tintuc order by id_tt desc] 
24.07.2020 07:21:23 sql=[select id_tt,ten_tt from tintuc order by luotxem desc ] 
24.07.2020 07:23:49 sql=[select ten_tt,noidung_tt,id_tt from tintuc where id_tt= order by id_tt desc] 
24.07.2020 07:23:49 Khong the select duoc,ERROR=[You have an error in your SQL syntax; check the manual that corresponds to your MariaDB server version for the right syntax to use near 'order by id_tt desc' at line 1] 
24.07.2020 07:23:49 COUNT=[0] 
24.07.2020 07:23:49 sql=[select id_tt,ten_tt from tintuc order by id_tt desc] 
24.07.2020 07:23:49 sql=[select id_tt,ten_tt from tintuc order by luotxem desc ] 
24.07.2020 07:23:53 sql=[select ten_tt,noidung_tt,id_tt from tintuc where id_tt= order by id_tt desc] 
24.07.2020 07:23:53 Khong the select duoc,ERROR=[You have an error in your SQL syntax; check the manual that corresponds to your MariaDB server version for the right syntax to use near 'order by id_tt desc' at line 1] 
24.07.2020 07:23:53 COUNT=[0] 
24.07.2020 07:23:53 sql=[select id_tt,ten_tt from tintuc order by id_tt desc] 
24.07.2020 07:23:53 sql=[select id_tt,ten_tt from tintuc order by luotxem desc ] 
24.07.2020 07:23:57 sql=[select ten_tt,noidung_tt,id_tt from tintuc where id_tt= order by id_tt desc] 
24.07.2020 07:23:57 Khong the select duoc,ERROR=[You have an error in your SQL syntax; check the manual that corresponds to your MariaDB server version for the right syntax to use near 'order by id_tt desc' at line 1] 
24.07.2020 07:23:57 COUNT=[0] 
24.07.2020 07:23:57 sql=[select id_tt,ten_tt from tintuc order by id_tt desc] 
24.07.2020 07:23:57 sql=[select id_tt,ten_tt from tintuc order by luotxem desc ] 
24.07.2020 07:25:16 sql=[select ten_tt,noidung_tt,id_tt from tintuc where id_tt= order by id_tt desc] 
24.07.2020 07:25:16 Khong the select duoc,ERROR=[You have an error in your SQL syntax; check the manual that corresponds to your MariaDB server version for the right syntax to use near 'order by id_tt desc' at line 1] 
24.07.2020 07:25:16 COUNT=[0] 
24.07.2020 07:25:16 sql=[select id_tt,ten_tt from tintuc order by id_tt desc] 
24.07.2020 07:25:16 sql=[select id_tt,ten_tt from tintuc order by luotxem desc ] 
24.07.2020 07:25:18 sql=[select ten_tt,noidung_tt,id_tt from tintuc where id_tt= order by id_tt desc] 
24.07.2020 07:25:19 Khong the select duoc,ERROR=[You have an error in your SQL syntax; check the manual that corresponds to your MariaDB server version for the right syntax to use near 'order by id_tt desc' at line 1] 
24.07.2020 07:25:19 COUNT=[0] 
24.07.2020 07:25:19 sql=[select id_tt,ten_tt from tintuc order by id_tt desc] 
24.07.2020 07:25:19 sql=[select id_tt,ten_tt from tintuc order by luotxem desc ] 
24.07.2020 07:27:36 sql=[SELECT * FROM monhoc limit 9,3 ] 
24.07.2020 07:27:36 sql=[SELECT * FROM monhoc limit 12,3 ] 
24.07.2020 07:27:36 sql=[SELECT * FROM monhoc limit 15,3 ] 
24.07.2020 07:27:36 sql=[select id_tt,ten_tt from tintuc order by id_tt desc] 
24.07.2020 07:27:36 sql=[select id_tt,ten_tt from tintuc order by luotxem desc ] 
24.07.2020 07:27:37 sql=[select ten_tt,noidung_tt,id_tt from tintuc where id_tt= order by id_tt desc] 
24.07.2020 07:27:37 Khong the select duoc,ERROR=[You have an error in your SQL syntax; check the manual that corresponds to your MariaDB server version for the right syntax to use near 'order by id_tt desc' at line 1] 
24.07.2020 07:27:37 COUNT=[0] 
24.07.2020 07:27:37 sql=[select id_tt,ten_tt from tintuc order by id_tt desc] 
24.07.2020 07:27:37 sql=[select id_tt,ten_tt from tintuc order by luotxem desc ] 
25.07.2020 08:05:09 sql=[SELECT * FROM monhoc limit 9,3 ] 
25.07.2020 08:05:09 sql=[SELECT * FROM monhoc limit 12,3 ] 
25.07.2020 08:05:09 sql=[SELECT * FROM monhoc limit 15,3 ] 
25.07.2020 08:05:09 sql=[select id_tt,ten_tt from tintuc order by id_tt desc] 
25.07.2020 08:05:09 sql=[select id_tt,ten_tt from tintuc order by luotxem desc ] 
25.07.2020 08:14:08 sql=[select ten_tt,noidung_tt,id_tt from tintuc where id_tt= order by id_tt desc] 
25.07.2020 08:14:09 Khong the select duoc,ERROR=[You have an error in your SQL syntax; check the manual that corresponds to your MariaDB server version for the right syntax to use near 'order by id_tt desc' at line 1] 
25.07.2020 08:14:09 COUNT=[0] 
25.07.2020 08:14:09 sql=[select id_tt,ten_tt from tintuc order by id_tt desc] 
25.07.2020 08:14:09 sql=[select id_tt,ten_tt from tintuc order by luotxem desc ] 
25.07.2020 08:24:48 sql=[select ten_tt,noidung_tt,id_tt from tintuc where id_tt= order by id_tt desc] 
25.07.2020 08:24:48 Khong the select duoc,ERROR=[You have an error in your SQL syntax; check the manual that corresponds to your MariaDB server version for the right syntax to use near 'order by id_tt desc' at line 1] 
25.07.2020 08:24:48 COUNT=[0] 
25.07.2020 08:24:48 sql=[select id_tt,ten_tt from tintuc order by id_tt desc] 
25.07.2020 08:24:48 sql=[select id_tt,ten_tt from tintuc order by luotxem desc ] 
25.07.2020 08:24:54 sql=[select ten_tt,noidung_tt,id_tt from tintuc where id_tt= order by id_tt desc] 
25.07.2020 08:24:54 Khong the select duoc,ERROR=[You have an error in your SQL syntax; check the manual that corresponds to your MariaDB server version for the right syntax to use near 'order by id_tt desc' at line 1] 
25.07.2020 08:24:54 COUNT=[0] 
25.07.2020 08:24:54 sql=[select id_tt,ten_tt from tintuc order by id_tt desc] 
25.07.2020 08:24:54 sql=[select id_tt,ten_tt from tintuc order by luotxem desc ] 
25.07.2020 08:27:05 sql=[select ten_tt,noidung_tt,id_tt from tintuc where id_tt= order by id_tt desc] 
25.07.2020 08:27:05 Khong the select duoc,ERROR=[You have an error in your SQL syntax; check the manual that corresponds to your MariaDB server version for the right syntax to use near 'order by id_tt desc' at line 1] 
25.07.2020 08:27:05 COUNT=[0] 
25.07.2020 08:27:05 sql=[select id_tt,ten_tt from tintuc order by id_tt desc] 
25.07.2020 08:27:05 sql=[select id_tt,ten_tt from tintuc order by luotxem desc ] 
25.07.2020 08:27:27 sql=[select id_tt,ten_tt from tintuc order by id_tt desc] 
25.07.2020 08:27:28 sql=[select id_tt,ten_tt from tintuc order by luotxem desc ] 
25.07.2020 08:28:24 sql=[select id_tt,ten_tt from tintuc order by id_tt desc] 
25.07.2020 08:28:24 sql=[select id_tt,ten_tt from tintuc order by luotxem desc ] 
25.07.2020 08:31:25 sql=[select ten_tt,noidung_tt,id_tt from tintuc where id_tt=7 order by id_tt desc] 
25.07.2020 08:31:25 sql=[select id_tt,ten_tt from tintuc order by id_tt desc] 
25.07.2020 08:31:25 sql=[select id_tt,ten_tt from tintuc order by luotxem desc ] 
25.07.2020 08:32:01 sql=[select ten_tt,noidung_tt,id_tt from tintuc where id_tt=7 order by id_tt desc] 
25.07.2020 08:32:01 sql=[select id_tt,ten_tt from tintuc order by id_tt desc] 
25.07.2020 08:32:01 sql=[select id_tt,ten_tt from tintuc order by luotxem desc ] 
25.07.2020 08:33:59 sql=[select ten_tt,noidung_tt,id_tt from tintuc where id_tt=7 order by id_tt desc] 
25.07.2020 08:33:59 sql=[select id_tt,ten_tt from tintuc order by id_tt desc] 
25.07.2020 08:33:59 sql=[select id_tt,ten_tt from tintuc order by luotxem desc ] 
25.07.2020 08:34:25 sql=[select ten_tt,noidung_tt,id_tt from tintuc where id_tt=5 order by id_tt desc] 
25.07.2020 08:34:25 sql=[select id_tt,ten_tt from tintuc order by id_tt desc] 
25.07.2020 08:34:26 sql=[select id_tt,ten_tt from tintuc order by luotxem desc ] 
25.07.2020 08:34:32 sql=[select ten_tt,noidung_tt,id_tt from tintuc where id_tt=5 order by id_tt desc] 
25.07.2020 08:34:32 sql=[select id_tt,ten_tt from tintuc order by id_tt desc] 
25.07.2020 08:34:32 sql=[select id_tt,ten_tt from tintuc order by luotxem desc ] 
25.07.2020 08:35:36 sql=[select ten_tt,noidung_tt,id_tt from tintuc where id_tt=5 order by id_tt desc] 
25.07.2020 08:35:37 sql=[select id_tt,ten_tt from tintuc order by id_tt desc] 
25.07.2020 08:35:37 sql=[select id_tt,ten_tt from tintuc order by luotxem desc ] 
25.07.2020 08:35:43 sql=[select ten_tt,noidung_tt,id_tt from tintuc where id_tt=5 order by id_tt desc] 
25.07.2020 08:35:43 sql=[select id_tt,ten_tt from tintuc order by id_tt desc] 
25.07.2020 08:35:43 sql=[select id_tt,ten_tt from tintuc order by luotxem desc ] 
25.07.2020 08:36:00 sql=[select ten_tt,noidung_tt,id_tt from tintuc where id_tt=5 order by id_tt desc] 
25.07.2020 08:36:00 sql=[select id_tt,ten_tt from tintuc order by id_tt desc] 
25.07.2020 08:36:01 sql=[select id_tt,ten_tt from tintuc order by luotxem desc ] 
25.07.2020 08:36:30 sql=[SELECT * FROM monhoc limit 9,3 ] 
25.07.2020 08:36:30 sql=[SELECT * FROM monhoc limit 12,3 ] 
25.07.2020 08:36:30 sql=[SELECT * FROM monhoc limit 15,3 ] 
25.07.2020 08:36:30 sql=[select id_tt,ten_tt from tintuc order by id_tt desc] 
25.07.2020 08:36:30 sql=[select id_tt,ten_tt from tintuc order by luotxem desc ] 
25.07.2020 08:36:49 sql=[SELECT * FROM noidungmon WHERE id_mh = 15 ] 
25.07.2020 08:36:49 sql=[select id_tt,ten_tt from tintuc order by id_tt desc] 
25.07.2020 08:36:49 sql=[select id_tt,ten_tt from tintuc order by luotxem desc ] 
25.07.2020 08:37:02 sql=[select cauhoi1.id1,cauhoi1.cauhoide1,phuongan1.a,phuongan1.b,phuongan1.c,phuongan1.d from cauhoi1,phuongan1 where cauhoi1.id1=phuongan1.id1 and id_mh=0  ORDER BY RAND() LIMIT 10] 
25.07.2020 08:37:02 sql=[select id_tt,ten_tt from tintuc order by id_tt desc] 
25.07.2020 08:37:02 sql=[select id_tt,ten_tt from tintuc order by luotxem desc ] 
25.07.2020 08:37:12 sql=[SELECT * FROM noidungmon WHERE id_mh = 1 ] 
25.07.2020 08:37:12 sql=[select id_tt,ten_tt from tintuc order by id_tt desc] 
25.07.2020 08:37:12 sql=[select id_tt,ten_tt from tintuc order by luotxem desc ] 
25.07.2020 08:37:17 sql=[SELECT * FROM chitietmon WHERE id_ndm =1 ] 
25.07.2020 08:37:17 sql=[select id_tt,ten_tt from tintuc order by id_tt desc] 
25.07.2020 08:37:17 sql=[select id_tt,ten_tt from tintuc order by luotxem desc ] 
25.07.2020 08:44:42 sql=[SELECT * FROM monhoc limit 9,3 ] 
25.07.2020 08:44:42 sql=[SELECT * FROM monhoc limit 12,3 ] 
25.07.2020 08:44:42 sql=[SELECT * FROM monhoc limit 15,3 ] 
25.07.2020 08:44:42 sql=[select id_tt,ten_tt from tintuc order by id_tt desc] 
25.07.2020 08:44:42 sql=[select id_tt,ten_tt from tintuc order by luotxem desc ] 
25.07.2020 08:44:44 sql=[SELECT * FROM monhoc limit 0,9 ] 
25.07.2020 08:44:44 sql=[select id_tt,ten_tt from tintuc order by id_tt desc] 
25.07.2020 08:44:44 sql=[select id_tt,ten_tt from tintuc order by luotxem desc ] 
25.07.2020 08:44:46 sql=[select cauhoi1.id1,cauhoi1.cauhoide1,phuongan1.a,phuongan1.b,phuongan1.c,phuongan1.d from cauhoi1,phuongan1 where cauhoi1.id1=phuongan1.id1 and id_mh=1  ORDER BY RAND() LIMIT 10] 
25.07.2020 08:44:46 sql=[select id_tt,ten_tt from tintuc order by id_tt desc] 
25.07.2020 08:44:46 sql=[select id_tt,ten_tt from tintuc order by luotxem desc ] 
25.07.2020 08:44:55 sql=[select cauhoi1.id1,cauhoi1.cauhoide1,phuongan1.a,phuongan1.b,phuongan1.c,phuongan1.d from cauhoi1,phuongan1 where cauhoi1.id1=phuongan1.id1 and id_mh=1  ORDER BY RAND() LIMIT 10] 
25.07.2020 08:44:55 sql=[select id_tt,ten_tt from tintuc order by id_tt desc] 
25.07.2020 08:44:55 sql=[select id_tt,ten_tt from tintuc order by luotxem desc ] 
25.07.2020 08:52:21 sql=[select cauhoi1.id1,cauhoi1.cauhoide1,phuongan1.a,phuongan1.b,phuongan1.c,phuongan1.d from cauhoi1,phuongan1 where cauhoi1.id1=phuongan1.id1 and id_mh=1  ORDER BY RAND() LIMIT 10] 
25.07.2020 08:52:21 sql=[select cauhoi1.dapan1 from cauhoi1 where id1= 3 limit 1] 
25.07.2020 08:52:21 sql=[select cauhoi1.dapan1 from cauhoi1 where id1= 19 limit 1] 
25.07.2020 08:52:21 sql=[select cauhoi1.dapan1 from cauhoi1 where id1= 4 limit 1] 
25.07.2020 08:52:21 sql=[select cauhoi1.dapan1 from cauhoi1 where id1= 13 limit 1] 
25.07.2020 08:52:21 sql=[select id_tt,ten_tt from tintuc order by id_tt desc] 
25.07.2020 08:52:21 sql=[select id_tt,ten_tt from tintuc order by luotxem desc ] 
25.07.2020 08:53:15 sql=[select cauhoi1.id1,cauhoi1.cauhoide1,phuongan1.a,phuongan1.b,phuongan1.c,phuongan1.d from cauhoi1,phuongan1 where cauhoi1.id1=phuongan1.id1 and id_mh=1  ORDER BY RAND() LIMIT 10] 
25.07.2020 08:53:15 sql=[select cauhoi1.dapan1 from cauhoi1 where id1= 3 limit 1] 
25.07.2020 08:53:15 sql=[select cauhoi1.dapan1 from cauhoi1 where id1= 19 limit 1] 
25.07.2020 08:53:15 sql=[select cauhoi1.dapan1 from cauhoi1 where id1= 4 limit 1] 
25.07.2020 08:53:15 sql=[select cauhoi1.dapan1 from cauhoi1 where id1= 13 limit 1] 
25.07.2020 08:53:15 sql=[select id_tt,ten_tt from tintuc order by id_tt desc] 
25.07.2020 08:53:15 sql=[select id_tt,ten_tt from tintuc order by luotxem desc ] 
25.07.2020 08:53:38 sql=[select cauhoi1.id1,cauhoi1.cauhoide1,phuongan1.a,phuongan1.b,phuongan1.c,phuongan1.d from cauhoi1,phuongan1 where cauhoi1.id1=phuongan1.id1 and id_mh=1  ORDER BY RAND() LIMIT 10] 
25.07.2020 08:53:38 sql=[select dapan1 from cauhoi1 where id1= 3 limit 1] 
25.07.2020 08:53:38 sql=[select dapan1 from cauhoi1 where id1= 19 limit 1] 
25.07.2020 08:53:38 sql=[select dapan1 from cauhoi1 where id1= 4 limit 1] 
25.07.2020 08:53:38 sql=[select dapan1 from cauhoi1 where id1= 13 limit 1] 
25.07.2020 08:53:38 sql=[select id_tt,ten_tt from tintuc order by id_tt desc] 
25.07.2020 08:53:38 sql=[select id_tt,ten_tt from tintuc order by luotxem desc ] 
25.07.2020 08:54:51 sql=[select cauhoi1.id1,cauhoi1.cauhoide1,phuongan1.a,phuongan1.b,phuongan1.c,phuongan1.d from cauhoi1,phuongan1 where cauhoi1.id1=phuongan1.id1 and id_mh=1  ORDER BY RAND() LIMIT 10] 
25.07.2020 08:54:51 sql=[select dapan1 from cauhoi1 where id1= 3 limit 1] 
25.07.2020 08:54:51 sql=[select dapan1 from cauhoi1 where id1= 19 limit 1] 
25.07.2020 08:54:51 sql=[select dapan1 from cauhoi1 where id1= 4 limit 1] 
25.07.2020 08:54:51 sql=[select dapan1 from cauhoi1 where id1= 13 limit 1] 
25.07.2020 08:54:51 sql=[select id_tt,ten_tt from tintuc order by id_tt desc] 
25.07.2020 08:54:51 sql=[select id_tt,ten_tt from tintuc order by luotxem desc ] 
25.07.2020 08:55:36 sql=[select cauhoi1.id1,cauhoi1.cauhoide1,phuongan1.a,phuongan1.b,phuongan1.c,phuongan1.d from cauhoi1,phuongan1 where cauhoi1.id1=phuongan1.id1 and id_mh=1  ORDER BY RAND() LIMIT 10] 
25.07.2020 08:55:36 sql=[select id_tt,ten_tt from tintuc order by id_tt desc] 
25.07.2020 08:55:36 sql=[select id_tt,ten_tt from tintuc order by luotxem desc ] 
25.07.2020 08:56:20 sql=[select cauhoi1.id1,cauhoi1.cauhoide1,phuongan1.a,phuongan1.b,phuongan1.c,phuongan1.d from cauhoi1,phuongan1 where cauhoi1.id1=phuongan1.id1 and id_mh=1  ORDER BY RAND() LIMIT 10] 
25.07.2020 08:56:20 sql=[select dapan1 from cauhoi1 where id1= 3 limit 1] 
25.07.2020 08:56:20 sql=[select dapan1 from cauhoi1 where id1= 19 limit 1] 
25.07.2020 08:56:20 sql=[select dapan1 from cauhoi1 where id1= 4 limit 1] 
25.07.2020 08:56:20 sql=[select dapan1 from cauhoi1 where id1= 13 limit 1] 
25.07.2020 08:56:20 sql=[select id_tt,ten_tt from tintuc order by id_tt desc] 
25.07.2020 08:56:20 sql=[select id_tt,ten_tt from tintuc order by luotxem desc ] 
25.07.2020 08:56:45 sql=[select cauhoi1.id1,cauhoi1.cauhoide1,phuongan1.a,phuongan1.b,phuongan1.c,phuongan1.d from cauhoi1,phuongan1 where cauhoi1.id1=phuongan1.id1 and id_mh=1  ORDER BY RAND() LIMIT 10] 
25.07.2020 08:56:45 sql=[select dapan1 from cauhoi1 where id1= 3 limit 1] 
25.07.2020 08:56:45 sql=[select dapan1 from cauhoi1 where id1= 19 limit 1] 
25.07.2020 08:56:45 sql=[select dapan1 from cauhoi1 where id1= 4 limit 1] 
25.07.2020 08:56:45 sql=[select dapan1 from cauhoi1 where id1= 13 limit 1] 
25.07.2020 08:56:45 sql=[select id_tt,ten_tt from tintuc order by id_tt desc] 
25.07.2020 08:56:45 sql=[select id_tt,ten_tt from tintuc order by luotxem desc ] 
25.07.2020 08:57:02 sql=[select cauhoi1.id1,cauhoi1.cauhoide1,phuongan1.a,phuongan1.b,phuongan1.c,phuongan1.d from cauhoi1,phuongan1 where cauhoi1.id1=phuongan1.id1 and id_mh=1  ORDER BY RAND() LIMIT 10] 
25.07.2020 08:57:02 sql=[select dapan1 from cauhoi1 where id1= 161 limit 1] 
25.07.2020 08:57:02 sql=[select dapan1 from cauhoi1 where id1= 6 limit 1] 
25.07.2020 08:57:02 sql=[select dapan1 from cauhoi1 where id1= 3 limit 1] 
25.07.2020 08:57:02 sql=[select dapan1 from cauhoi1 where id1= 4 limit 1] 
25.07.2020 08:57:02 sql=[select id_tt,ten_tt from tintuc order by id_tt desc] 
25.07.2020 08:57:02 sql=[select id_tt,ten_tt from tintuc order by luotxem desc ] 
25.07.2020 08:57:22 sql=[select cauhoi1.id1,cauhoi1.cauhoide1,phuongan1.a,phuongan1.b,phuongan1.c,phuongan1.d from cauhoi1,phuongan1 where cauhoi1.id1=phuongan1.id1 and id_mh=1  ORDER BY RAND() LIMIT 10] 
25.07.2020 08:57:22 sql=[select dapan1 from cauhoi1 where id1= 20 limit 1] 
25.07.2020 08:57:22 sql=[select dapan1 from cauhoi1 where id1= 15 limit 1] 
25.07.2020 08:57:22 sql=[select dapan1 from cauhoi1 where id1= 4 limit 1] 
25.07.2020 08:57:22 sql=[select dapan1 from cauhoi1 where id1= 3 limit 1] 
25.07.2020 08:57:22 sql=[select dapan1 from cauhoi1 where id1= 2 limit 1] 
25.07.2020 08:57:22 sql=[select dapan1 from cauhoi1 where id1= 7 limit 1] 
25.07.2020 08:57:22 sql=[select id_tt,ten_tt from tintuc order by id_tt desc] 
25.07.2020 08:57:22 sql=[select id_tt,ten_tt from tintuc order by luotxem desc ] 
25.07.2020 08:58:08 sql=[select cauhoi1.id1,cauhoi1.cauhoide1,phuongan1.a,phuongan1.b,phuongan1.c,phuongan1.d from cauhoi1,phuongan1 where cauhoi1.id1=phuongan1.id1 and id_mh=1  ORDER BY RAND() LIMIT 10] 
25.07.2020 08:58:08 sql=[select dapan1 from cauhoi1 where id1= 20 limit 1] 
25.07.2020 08:58:08 sql=[select dapan1 from cauhoi1 where id1= 15 limit 1] 
25.07.2020 08:58:08 sql=[select dapan1 from cauhoi1 where id1= 4 limit 1] 
25.07.2020 08:58:08 sql=[select dapan1 from cauhoi1 where id1= 3 limit 1] 
25.07.2020 08:58:08 sql=[select dapan1 from cauhoi1 where id1= 2 limit 1] 
25.07.2020 08:58:09 sql=[select dapan1 from cauhoi1 where id1= 7 limit 1] 
25.07.2020 08:58:09 sql=[select id_tt,ten_tt from tintuc order by id_tt desc] 
25.07.2020 08:58:09 sql=[select id_tt,ten_tt from tintuc order by luotxem desc ] 
25.07.2020 08:58:58 sql=[select cauhoi1.id1,cauhoi1.cauhoide1,phuongan1.a,phuongan1.b,phuongan1.c,phuongan1.d from cauhoi1,phuongan1 where cauhoi1.id1=phuongan1.id1 and id_mh=1  ORDER BY RAND() LIMIT 10] 
25.07.2020 08:58:58 sql=[select dapan1 from cauhoi1 where id1= 20 limit 1] 
25.07.2020 08:58:58 sql=[select dapan1 from cauhoi1 where id1= 15 limit 1] 
25.07.2020 08:58:58 sql=[select dapan1 from cauhoi1 where id1= 4 limit 1] 
25.07.2020 08:58:58 sql=[select dapan1 from cauhoi1 where id1= 3 limit 1] 
25.07.2020 08:58:58 sql=[select dapan1 from cauhoi1 where id1= 2 limit 1] 
25.07.2020 08:58:58 sql=[select dapan1 from cauhoi1 where id1= 7 limit 1] 
25.07.2020 08:58:58 sql=[select id_tt,ten_tt from tintuc order by id_tt desc] 
25.07.2020 08:58:58 sql=[select id_tt,ten_tt from tintuc order by luotxem desc ] 
25.07.2020 08:59:21 sql=[select cauhoi1.id1,cauhoi1.cauhoide1,phuongan1.a,phuongan1.b,phuongan1.c,phuongan1.d from cauhoi1,phuongan1 where cauhoi1.id1=phuongan1.id1 and id_mh=1  ORDER BY RAND() LIMIT 10] 
25.07.2020 08:59:21 sql=[select dapan1 from cauhoi1 where id1= 20 limit 1] 
25.07.2020 08:59:21 sql=[select dapan1 from cauhoi1 where id1= 15 limit 1] 
25.07.2020 08:59:21 sql=[select dapan1 from cauhoi1 where id1= 4 limit 1] 
25.07.2020 08:59:21 sql=[select dapan1 from cauhoi1 where id1= 3 limit 1] 
25.07.2020 08:59:21 sql=[select dapan1 from cauhoi1 where id1= 2 limit 1] 
25.07.2020 08:59:21 sql=[select dapan1 from cauhoi1 where id1= 7 limit 1] 
25.07.2020 08:59:21 sql=[select id_tt,ten_tt from tintuc order by id_tt desc] 
25.07.2020 08:59:21 sql=[select id_tt,ten_tt from tintuc order by luotxem desc ] 
25.07.2020 09:00:05 sql=[select cauhoi1.id1,cauhoi1.cauhoide1,phuongan1.a,phuongan1.b,phuongan1.c,phuongan1.d from cauhoi1,phuongan1 where cauhoi1.id1=phuongan1.id1 and id_mh=1  ORDER BY RAND() LIMIT 10] 
25.07.2020 09:00:05 sql=[select dapan1 from cauhoi1 where id1= 1 limit 1] 
25.07.2020 09:00:05 sql=[select dapan1 from cauhoi1 where id1= 1 limit 1] 
25.07.2020 09:00:05 sql=[select dapan1 from cauhoi1 where id1= 1 limit 1] 
25.07.2020 09:00:05 sql=[select dapan1 from cauhoi1 where id1= 1 limit 1] 
25.07.2020 09:00:05 sql=[select dapan1 from cauhoi1 where id1= 1 limit 1] 
25.07.2020 09:00:05 sql=[select dapan1 from cauhoi1 where id1= 1 limit 1] 
25.07.2020 09:00:05 sql=[select id_tt,ten_tt from tintuc order by id_tt desc] 
25.07.2020 09:00:05 sql=[select id_tt,ten_tt from tintuc order by luotxem desc ] 
25.07.2020 09:27:49 sql=[select cauhoi1.id1,cauhoi1.cauhoide1,phuongan1.a,phuongan1.b,phuongan1.c,phuongan1.d from cauhoi1,phuongan1 where cauhoi1.id1=phuongan1.id1 and id_mh=1  ORDER BY RAND() LIMIT 10] 
25.07.2020 09:27:49 sql=[select dapan1 from cauhoi1 where id1= 20 limit 1] 
25.07.2020 09:27:49 sql=[select dapan1 from cauhoi1 where id1= 15 limit 1] 
25.07.2020 09:27:49 sql=[select dapan1 from cauhoi1 where id1= 4 limit 1] 
25.07.2020 09:27:49 sql=[select dapan1 from cauhoi1 where id1= 3 limit 1] 
25.07.2020 09:27:49 sql=[select dapan1 from cauhoi1 where id1= 2 limit 1] 
25.07.2020 09:27:49 sql=[select dapan1 from cauhoi1 where id1= 7 limit 1] 
25.07.2020 09:27:49 sql=[select dapan1 from cauhoi1 where id1= ook limit 1] 
25.07.2020 09:27:49 Khong the select duoc,ERROR=[Unknown column 'ook' in 'where clause'] 
25.07.2020 09:27:49 COUNT=[0] 
25.07.2020 09:27:49 sql=[select id_tt,ten_tt from tintuc order by id_tt desc] 
25.07.2020 09:27:49 sql=[select id_tt,ten_tt from tintuc order by luotxem desc ] 
25.07.2020 09:28:20 sql=[SELECT * FROM monhoc limit 9,3 ] 
25.07.2020 09:28:20 sql=[SELECT * FROM monhoc limit 12,3 ] 
25.07.2020 09:28:20 sql=[SELECT * FROM monhoc limit 15,3 ] 
25.07.2020 09:28:20 sql=[select id_tt,ten_tt from tintuc order by id_tt desc] 
25.07.2020 09:28:20 sql=[select id_tt,ten_tt from tintuc order by luotxem desc ] 
25.07.2020 09:42:19 sql=[SELECT * FROM monhoc limit 9,3 ] 
25.07.2020 09:42:19 sql=[SELECT * FROM monhoc limit 12,3 ] 
25.07.2020 09:42:19 sql=[SELECT * FROM monhoc limit 15,3 ] 
25.07.2020 09:42:19 sql=[select id_tt,ten_tt from tintuc order by id_tt desc] 
25.07.2020 09:42:19 sql=[select id_tt,ten_tt from tintuc order by luotxem desc ] 
26.07.2020 08:08:15 sql=[SELECT * FROM monhoc limit 9,3 ] 
26.07.2020 08:08:15 sql=[SELECT * FROM monhoc limit 12,3 ] 
26.07.2020 08:08:15 sql=[SELECT * FROM monhoc limit 15,3 ] 
26.07.2020 08:08:15 sql=[select id_tt,ten_tt from tintuc order by id_tt desc] 
26.07.2020 08:08:15 sql=[select id_tt,ten_tt from tintuc order by luotxem desc ] 
26.07.2020 08:08:21 sql=[SELECT * FROM monhoc limit 0,9 ] 
26.07.2020 08:08:21 sql=[select id_tt,ten_tt from tintuc order by id_tt desc] 
26.07.2020 08:08:21 sql=[select id_tt,ten_tt from tintuc order by luotxem desc ] 
26.07.2020 08:08:22 sql=[SELECT * FROM noidungmon WHERE id_mh = 1 ] 
26.07.2020 08:08:22 sql=[select id_tt,ten_tt from tintuc order by id_tt desc] 
26.07.2020 08:08:22 sql=[select id_tt,ten_tt from tintuc order by luotxem desc ] 
26.07.2020 08:08:24 sql=[SELECT * FROM chitietmon WHERE id_ndm =1 ] 
26.07.2020 08:08:24 sql=[select id_tt,ten_tt from tintuc order by id_tt desc] 
26.07.2020 08:08:24 sql=[select id_tt,ten_tt from tintuc order by luotxem desc ] 
26.07.2020 08:08:28 sql=[SELECT * FROM chitietmon WHERE id_ndm =2 ] 
26.07.2020 08:08:28 sql=[select id_tt,ten_tt from tintuc order by id_tt desc] 
26.07.2020 08:08:28 sql=[select id_tt,ten_tt from tintuc order by luotxem desc ] 
26.07.2020 09:06:56 sql=[SELECT * FROM monhoc limit 9,3 ] 
26.07.2020 09:06:56 sql=[SELECT * FROM monhoc limit 12,3 ] 
26.07.2020 09:06:56 sql=[SELECT * FROM monhoc limit 15,3 ] 
26.07.2020 09:06:56 sql=[select id_tt,ten_tt from tintuc order by id_tt desc] 
26.07.2020 09:06:56 sql=[select id_tt,ten_tt from tintuc order by luotxem desc ] 
26.07.2020 09:07:45 sql=[SELECT * FROM monhoc limit 9,3 ] 
26.07.2020 09:07:45 sql=[SELECT * FROM monhoc limit 12,3 ] 
26.07.2020 09:07:45 sql=[SELECT * FROM monhoc limit 15,3 ] 
26.07.2020 09:07:45 sql=[select id_tt,ten_tt from tintuc order by id_tt desc] 
26.07.2020 09:07:45 sql=[select id_tt,ten_tt from tintuc order by luotxem desc ] 
26.07.2020 09:09:43 sql=[SELECT * FROM monhoc limit 9,3 ] 
26.07.2020 09:09:43 sql=[SELECT * FROM monhoc limit 12,3 ] 
26.07.2020 09:09:43 sql=[SELECT * FROM monhoc limit 15,3 ] 
26.07.2020 09:09:43 sql=[select id_tt,ten_tt from tintuc order by id_tt desc] 
26.07.2020 09:09:43 sql=[select id_tt,ten_tt from tintuc order by luotxem desc ] 
26.07.2020 09:10:11 sql=[SELECT * FROM monhoc limit 9,3 ] 
26.07.2020 09:10:11 sql=[SELECT * FROM monhoc limit 12,3 ] 
26.07.2020 09:10:11 sql=[SELECT * FROM monhoc limit 15,3 ] 
26.07.2020 09:10:11 sql=[select id_tt,ten_tt from tintuc order by id_tt desc] 
26.07.2020 09:10:11 sql=[select id_tt,ten_tt from tintuc order by luotxem desc ] 
26.07.2020 09:13:19 sql=[SELECT * FROM monhoc limit 9,3 ] 
26.07.2020 09:13:19 sql=[SELECT * FROM monhoc limit 12,3 ] 
26.07.2020 09:13:19 sql=[SELECT * FROM monhoc limit 15,3 ] 
26.07.2020 09:13:19 sql=[select id_tt,ten_tt from tintuc order by id_tt desc] 
26.07.2020 09:13:19 sql=[select id_tt,ten_tt from tintuc order by luotxem desc ] 
26.07.2020 09:13:20 sql=[SELECT * FROM monhoc limit 9,3 ] 
26.07.2020 09:13:20 sql=[SELECT * FROM monhoc limit 12,3 ] 
26.07.2020 09:13:20 sql=[SELECT * FROM monhoc limit 15,3 ] 
26.07.2020 09:13:21 sql=[select id_tt,ten_tt from tintuc order by id_tt desc] 
26.07.2020 09:13:21 sql=[select id_tt,ten_tt from tintuc order by luotxem desc ] 
26.07.2020 09:18:30 sql=[SELECT * FROM monhoc limit 9,3 ] 
26.07.2020 09:18:30 sql=[SELECT * FROM monhoc limit 12,3 ] 
26.07.2020 09:18:30 sql=[SELECT * FROM monhoc limit 15,3 ] 
26.07.2020 09:18:30 sql=[select id_tt,ten_tt from tintuc order by id_tt desc] 
26.07.2020 09:18:30 sql=[select id_tt,ten_tt from tintuc order by luotxem desc ] 
26.07.2020 09:18:41 sql=[SELECT * FROM monhoc limit 9,3 ] 
26.07.2020 09:18:41 sql=[SELECT * FROM monhoc limit 12,3 ] 
26.07.2020 09:18:41 sql=[SELECT * FROM monhoc limit 15,3 ] 
26.07.2020 09:18:41 sql=[select id_tt,ten_tt from tintuc order by id_tt desc] 
26.07.2020 09:18:41 sql=[select id_tt,ten_tt from tintuc order by luotxem desc ] 
26.07.2020 09:25:59 sql=[SELECT * FROM monhoc limit 9,3 ] 
26.07.2020 09:25:59 sql=[SELECT * FROM monhoc limit 12,3 ] 
26.07.2020 09:25:59 sql=[SELECT * FROM monhoc limit 15,3 ] 
26.07.2020 09:25:59 sql=[select id_tt,ten_tt from tintuc order by id_tt desc] 
26.07.2020 09:25:59 sql=[select id_tt,ten_tt from tintuc order by luotxem desc ] 
26.07.2020 09:26:22 sql=[SELECT * FROM monhoc limit 9,3 ] 
26.07.2020 09:26:22 sql=[SELECT * FROM monhoc limit 12,3 ] 
26.07.2020 09:26:22 sql=[SELECT * FROM monhoc limit 15,3 ] 
26.07.2020 09:26:22 sql=[select id_tt,ten_tt from tintuc order by id_tt desc] 
26.07.2020 09:26:22 sql=[select id_tt,ten_tt from tintuc order by luotxem desc ] 
26.07.2020 09:26:32 sql=[SELECT * FROM noidungmon WHERE id_mh = 1 ] 
26.07.2020 09:26:32 sql=[select id_tt,ten_tt from tintuc order by id_tt desc] 
26.07.2020 09:26:32 sql=[select id_tt,ten_tt from tintuc order by luotxem desc ] 
26.07.2020 09:40:19 sql=[SELECT * FROM noidungmon WHERE id_mh = 1 ] 
26.07.2020 09:40:19 sql=[select id_tt,ten_tt from tintuc order by id_tt desc] 
26.07.2020 09:40:19 sql=[select id_tt,ten_tt from tintuc order by luotxem desc ] 
28.07.2020 03:43:53 sql=[SELECT * FROM monhoc limit 9,3 ] 
28.07.2020 03:43:53 sql=[SELECT * FROM monhoc limit 12,3 ] 
28.07.2020 03:43:53 sql=[SELECT * FROM monhoc limit 15,3 ] 
28.07.2020 03:43:53 sql=[select id_tt,ten_tt from tintuc order by id_tt desc] 
28.07.2020 03:43:53 sql=[select id_tt,ten_tt from tintuc order by luotxem desc ] 
28.07.2020 04:22:20 sql=[SELECT * FROM monhoc limit 9,3 ] 
28.07.2020 04:22:20 sql=[SELECT * FROM monhoc limit 12,3 ] 
28.07.2020 04:22:20 sql=[SELECT * FROM monhoc limit 15,3 ] 
28.07.2020 04:22:20 sql=[select id_tt,ten_tt from tintuc order by id_tt desc] 
28.07.2020 04:22:20 sql=[select id_tt,ten_tt from tintuc order by luotxem desc ] 
28.07.2020 04:24:24 sql=[SELECT * FROM monhoc limit 9,3 ] 
28.07.2020 04:24:24 sql=[SELECT * FROM monhoc limit 12,3 ] 
28.07.2020 04:24:24 sql=[SELECT * FROM monhoc limit 15,3 ] 
28.07.2020 04:24:24 sql=[select id_tt,ten_tt from tintuc order by id_tt desc] 
28.07.2020 04:24:24 sql=[select id_tt,ten_tt from tintuc order by luotxem desc ] 
28.07.2020 04:25:05 sql=[SELECT * FROM monhoc limit 9,3 ] 
28.07.2020 04:25:05 sql=[SELECT * FROM monhoc limit 12,3 ] 
28.07.2020 04:25:05 sql=[SELECT * FROM monhoc limit 15,3 ] 
28.07.2020 04:25:05 sql=[select id_tt,ten_tt from tintuc order by id_tt desc] 
28.07.2020 04:25:05 sql=[select id_tt,ten_tt from tintuc order by luotxem desc ] 
28.07.2020 04:25:14 sql=[SELECT * FROM monhoc limit 9,3 ] 
28.07.2020 04:25:14 sql=[SELECT * FROM monhoc limit 12,3 ] 
28.07.2020 04:25:14 sql=[SELECT * FROM monhoc limit 15,3 ] 
28.07.2020 04:25:14 sql=[select id_tt,ten_tt from tintuc order by id_tt desc] 
28.07.2020 04:25:14 sql=[select id_tt,ten_tt from tintuc order by luotxem desc ] 
28.07.2020 04:25:14 sql=[SELECT * FROM monhoc limit 9,3 ] 
28.07.2020 04:25:14 sql=[SELECT * FROM monhoc limit 12,3 ] 
28.07.2020 04:25:14 sql=[SELECT * FROM monhoc limit 15,3 ] 
28.07.2020 04:25:14 sql=[select id_tt,ten_tt from tintuc order by id_tt desc] 
28.07.2020 04:25:14 sql=[select id_tt,ten_tt from tintuc order by luotxem desc ] 
28.07.2020 04:25:33 sql=[SELECT * FROM monhoc limit 9,3 ] 
28.07.2020 04:25:33 sql=[SELECT * FROM monhoc limit 12,3 ] 
28.07.2020 04:25:33 sql=[SELECT * FROM monhoc limit 15,3 ] 
28.07.2020 04:25:33 sql=[select id_tt,ten_tt from tintuc order by id_tt desc] 
28.07.2020 04:25:33 sql=[select id_tt,ten_tt from tintuc order by luotxem desc ] 
28.07.2020 04:25:37 sql=[SELECT * FROM monhoc limit 9,3 ] 
28.07.2020 04:25:37 sql=[SELECT * FROM monhoc limit 12,3 ] 
28.07.2020 04:25:37 sql=[SELECT * FROM monhoc limit 15,3 ] 
28.07.2020 04:25:37 sql=[select id_tt,ten_tt from tintuc order by id_tt desc] 
28.07.2020 04:25:37 sql=[select id_tt,ten_tt from tintuc order by luotxem desc ] 
28.07.2020 04:25:38 sql=[SELECT * FROM monhoc limit 9,3 ] 
28.07.2020 04:25:38 sql=[SELECT * FROM monhoc limit 12,3 ] 
28.07.2020 04:25:38 sql=[SELECT * FROM monhoc limit 15,3 ] 
28.07.2020 04:25:38 sql=[select id_tt,ten_tt from tintuc order by id_tt desc] 
28.07.2020 04:25:38 sql=[select id_tt,ten_tt from tintuc order by luotxem desc ] 
28.07.2020 04:25:38 sql=[SELECT * FROM monhoc limit 9,3 ] 
28.07.2020 04:25:38 sql=[SELECT * FROM monhoc limit 12,3 ] 
28.07.2020 04:25:39 sql=[SELECT * FROM monhoc limit 15,3 ] 
28.07.2020 04:25:39 sql=[select id_tt,ten_tt from tintuc order by id_tt desc] 
28.07.2020 04:25:39 sql=[select id_tt,ten_tt from tintuc order by luotxem desc ] 
28.07.2020 04:25:49 sql=[SELECT * FROM monhoc limit 9,3 ] 
28.07.2020 04:25:49 sql=[SELECT * FROM monhoc limit 12,3 ] 
28.07.2020 04:25:49 sql=[SELECT * FROM monhoc limit 15,3 ] 
28.07.2020 04:25:49 sql=[select id_tt,ten_tt from tintuc order by id_tt desc] 
28.07.2020 04:25:49 sql=[select id_tt,ten_tt from tintuc order by luotxem desc ] 
28.07.2020 04:25:51 sql=[SELECT * FROM monhoc limit 9,3 ] 
28.07.2020 04:25:51 sql=[SELECT * FROM monhoc limit 12,3 ] 
28.07.2020 04:25:51 sql=[SELECT * FROM monhoc limit 15,3 ] 
28.07.2020 04:25:51 sql=[select id_tt,ten_tt from tintuc order by id_tt desc] 
28.07.2020 04:25:51 sql=[select id_tt,ten_tt from tintuc order by luotxem desc ] 
28.07.2020 04:27:05 sql=[SELECT * FROM monhoc limit 9,3 ] 
28.07.2020 04:27:05 sql=[SELECT * FROM monhoc limit 12,3 ] 
28.07.2020 04:27:05 sql=[SELECT * FROM monhoc limit 15,3 ] 
28.07.2020 04:27:05 sql=[select id_tt,ten_tt from tintuc order by id_tt desc] 
28.07.2020 04:27:05 sql=[select id_tt,ten_tt from tintuc order by luotxem desc ] 
28.07.2020 04:27:16 sql=[SELECT * FROM monhoc limit 9,3 ] 
28.07.2020 04:27:16 sql=[SELECT * FROM monhoc limit 12,3 ] 
28.07.2020 04:27:16 sql=[SELECT * FROM monhoc limit 15,3 ] 
28.07.2020 04:27:16 sql=[select id_tt,ten_tt from tintuc order by id_tt desc] 
28.07.2020 04:27:16 sql=[select id_tt,ten_tt from tintuc order by luotxem desc ] 
28.07.2020 06:19:54 sql=[SELECT * FROM monhoc limit 9,3 ] 
28.07.2020 06:19:54 sql=[SELECT * FROM monhoc limit 12,3 ] 
28.07.2020 06:19:54 sql=[SELECT * FROM monhoc limit 15,3 ] 
28.07.2020 06:20:05 sql=[SELECT * FROM monhoc limit 9,3 ] 
28.07.2020 06:20:05 sql=[SELECT * FROM monhoc limit 12,3 ] 
28.07.2020 06:20:05 sql=[SELECT * FROM monhoc limit 15,3 ] 
28.07.2020 06:20:05 sql=[select id_tt,ten_tt from tintuc order by id_tt desc] 
28.07.2020 06:20:05 sql=[select id_tt,ten_tt from tintuc order by luotxem desc ] 
28.07.2020 06:21:20 sql=[SELECT * FROM monhoc limit 9,3 ] 
28.07.2020 06:21:20 sql=[SELECT * FROM monhoc limit 12,3 ] 
28.07.2020 06:21:20 sql=[SELECT * FROM monhoc limit 15,3 ] 
28.07.2020 06:21:20 sql=[select id_tt,ten_tt from tintuc order by id_tt desc] 
28.07.2020 06:21:20 sql=[select id_tt,ten_tt from tintuc order by luotxem desc ] 
28.07.2020 06:21:24 sql=[SELECT * FROM monhoc limit 0,9 ] 
28.07.2020 06:21:24 sql=[select id_tt,ten_tt from tintuc order by id_tt desc] 
28.07.2020 06:21:24 sql=[select id_tt,ten_tt from tintuc order by luotxem desc ] 
28.07.2020 06:21:26 sql=[SELECT * FROM noidungmon WHERE id_mh = 1 ] 
28.07.2020 06:21:26 sql=[select id_tt,ten_tt from tintuc order by id_tt desc] 
28.07.2020 06:21:26 sql=[select id_tt,ten_tt from tintuc order by luotxem desc ] 
28.07.2020 06:21:27 sql=[SELECT * FROM chitietmon WHERE id_ndm =1 ] 
28.07.2020 06:21:27 sql=[select id_tt,ten_tt from tintuc order by id_tt desc] 
28.07.2020 06:21:27 sql=[select id_tt,ten_tt from tintuc order by luotxem desc ] 
28.07.2020 06:21:32 sql=[SELECT * FROM chitietmon WHERE id_ndm =3 ] 
28.07.2020 06:21:32 sql=[select id_tt,ten_tt from tintuc order by id_tt desc] 
28.07.2020 06:21:32 sql=[select id_tt,ten_tt from tintuc order by luotxem desc ] 
28.07.2020 06:21:34 sql=[SELECT * FROM chitietmon WHERE id_ndm =5 ] 
28.07.2020 06:21:34 sql=[select id_tt,ten_tt from tintuc order by id_tt desc] 
28.07.2020 06:21:34 sql=[select id_tt,ten_tt from tintuc order by luotxem desc ] 
28.07.2020 06:21:41 sql=[SELECT * FROM monhoc limit 0,9 ] 
28.07.2020 06:21:41 sql=[select id_tt,ten_tt from tintuc order by id_tt desc] 
28.07.2020 06:21:41 sql=[select id_tt,ten_tt from tintuc order by luotxem desc ] 
28.07.2020 06:21:42 sql=[select cauhoi1.id1,cauhoi1.cauhoide1,phuongan1.a,phuongan1.b,phuongan1.c,phuongan1.d from cauhoi1,phuongan1 where cauhoi1.id1=phuongan1.id1 and id_mh=2  ORDER BY RAND() LIMIT 10] 
28.07.2020 06:21:42 sql=[select id_tt,ten_tt from tintuc order by id_tt desc] 
28.07.2020 06:21:42 sql=[select id_tt,ten_tt from tintuc order by luotxem desc ] 
28.07.2020 06:21:50 sql=[select cauhoi1.id1,cauhoi1.cauhoide1,phuongan1.a,phuongan1.b,phuongan1.c,phuongan1.d from cauhoi1,phuongan1 where cauhoi1.id1=phuongan1.id1 and id_mh=2  ORDER BY RAND() LIMIT 10] 
28.07.2020 06:21:50 sql=[select dapan1 from cauhoi1 where id1= 27 limit 1] 
28.07.2020 06:21:50 sql=[select dapan1 from cauhoi1 where id1= 35 limit 1] 
28.07.2020 06:21:50 sql=[select dapan1 from cauhoi1 where id1= 29 limit 1] 
28.07.2020 06:21:50 sql=[select dapan1 from cauhoi1 where id1= 21 limit 1] 
28.07.2020 06:21:50 sql=[select dapan1 from cauhoi1 where id1= ook limit 1] 
28.07.2020 06:21:50 Khong the select duoc,ERROR=[Unknown column 'ook' in 'where clause'] 
28.07.2020 06:21:50 COUNT=[0] 
28.07.2020 06:21:50 sql=[select id_tt,ten_tt from tintuc order by id_tt desc] 
28.07.2020 06:21:50 sql=[select id_tt,ten_tt from tintuc order by luotxem desc ] 
28.07.2020 06:21:56 sql=[select ten_tt,noidung_tt,id_tt from tintuc where id_tt=7 order by id_tt desc] 
28.07.2020 06:21:56 sql=[select id_tt,ten_tt from tintuc order by id_tt desc] 
28.07.2020 06:21:56 sql=[select id_tt,ten_tt from tintuc order by luotxem desc ] 
28.07.2020 06:22:00 sql=[select ten_tt,noidung_tt,id_tt from tintuc where id_tt=6 order by id_tt desc] 
28.07.2020 06:22:00 sql=[select id_tt,ten_tt from tintuc order by id_tt desc] 
28.07.2020 06:22:00 sql=[select id_tt,ten_tt from tintuc order by luotxem desc ] 
28.07.2020 06:22:01 sql=[select ten_tt,noidung_tt,id_tt from tintuc where id_tt=5 order by id_tt desc] 
28.07.2020 06:22:01 sql=[select id_tt,ten_tt from tintuc order by id_tt desc] 
28.07.2020 06:22:01 sql=[select id_tt,ten_tt from tintuc order by luotxem desc ] 
28.07.2020 06:22:03 sql=[select ten_tt,noidung_tt,id_tt from tintuc where id_tt=3 order by id_tt desc] 
28.07.2020 06:22:03 sql=[select id_tt,ten_tt from tintuc order by id_tt desc] 
28.07.2020 06:22:03 sql=[select id_tt,ten_tt from tintuc order by luotxem desc ] 
28.07.2020 06:22:15 sql=[SELECT * FROM monhoc limit 9,3 ] 
28.07.2020 06:22:15 sql=[SELECT * FROM monhoc limit 12,3 ] 
28.07.2020 06:22:15 sql=[SELECT * FROM monhoc limit 15,3 ] 
28.07.2020 06:22:15 sql=[select id_tt,ten_tt from tintuc order by id_tt desc] 
28.07.2020 06:22:15 sql=[select id_tt,ten_tt from tintuc order by luotxem desc ] 
29.07.2020 03:43:27 sql=[SELECT * FROM monhoc limit 9,3 ] 
29.07.2020 03:43:27 sql=[SELECT * FROM monhoc limit 12,3 ] 
29.07.2020 03:43:27 sql=[SELECT * FROM monhoc limit 15,3 ] 
29.07.2020 03:43:27 sql=[select id_tt,ten_tt from tintuc order by id_tt desc] 
29.07.2020 03:43:27 sql=[select id_tt,ten_tt from tintuc order by luotxem desc ] 
29.07.2020 10:31:51 sql=[SELECT * FROM monhoc limit 9,3 ] 
29.07.2020 10:31:51 sql=[SELECT * FROM monhoc limit 12,3 ] 
29.07.2020 10:31:51 sql=[SELECT * FROM monhoc limit 15,3 ] 
29.07.2020 10:31:51 sql=[select id_tt,ten_tt from tintuc order by id_tt desc] 
29.07.2020 10:31:51 sql=[select id_tt,ten_tt from tintuc order by luotxem desc ] 
29.07.2020 12:18:31 sql=[select * from users where username = 'admin' and password = 'c4ca4238a0b923820dcc509a6f75849b' ] 
02.08.2020 03:23:32 sql=[SELECT * FROM monhoc limit 9,3 ] 
02.08.2020 03:23:32 sql=[SELECT * FROM monhoc limit 12,3 ] 
02.08.2020 03:23:32 sql=[SELECT * FROM monhoc limit 15,3 ] 
02.08.2020 03:23:32 sql=[select id_tt,ten_tt from tintuc order by id_tt desc] 
02.08.2020 03:23:32 sql=[select id_tt,ten_tt from tintuc order by luotxem desc ] 
