28.07.2020 06:26:18 sql=[select id,username ,lever from users] 
28.07.2020 06:26:49 sql=[select id,username ,lever from users] 
28.07.2020 06:27:54 sql=[] 
28.07.2020 06:30:10 sql=[] 
28.07.2020 06:31:02 sql=[] 
28.07.2020 06:34:32 sql=[select id,username ,lever from users] 
28.07.2020 06:34:55 sql=[select id,username ,lever from users] 
28.07.2020 06:34:57 sql=[select id,username ,lever from users] 
28.07.2020 06:34:57 sql=[select id,username ,lever from users] 
28.07.2020 06:34:58 sql=[select id,username ,lever from users] 
28.07.2020 06:35:02 sql=[select id,username ,lever from users] 
28.07.2020 06:35:03 sql=[select id,username ,lever from users] 
28.07.2020 06:35:03 sql=[select id,username ,lever from users] 
28.07.2020 06:35:39 sql=[select id,username ,lever from users] 
28.07.2020 06:40:45 sql=[select id,username ,lever from users] 
28.07.2020 06:41:36 sql=[select id,username ,lever from users] 
28.07.2020 06:41:45 sql=[select id,username ,lever from users] 
28.07.2020 06:42:57 sql=[select id,username ,lever from users] 
28.07.2020 06:42:58 sql=[select id,username ,lever from users] 
28.07.2020 06:42:58 sql=[select id,username ,lever from users] 
28.07.2020 06:42:58 sql=[select id,username ,lever from users] 
28.07.2020 06:43:34 sql=[select id,username ,lever from users] 
28.07.2020 06:44:08 sql=[select id,username ,lever from users] 
28.07.2020 06:44:09 sql=[select id,username ,lever from users] 
28.07.2020 06:44:10 sql=[select id,username ,lever from users] 
28.07.2020 06:45:18 sql=[select id,username ,lever from users] 
28.07.2020 06:45:19 sql=[select id,username ,lever from users] 
28.07.2020 06:45:37 sql=[select id,username ,lever from users] 
28.07.2020 06:46:06 sql=[select id,username ,lever from users] 
28.07.2020 06:46:07 sql=[select id,username ,lever from users] 
28.07.2020 06:46:08 sql=[select id,username ,lever from users] 
28.07.2020 06:46:08 sql=[select id,username ,lever from users] 
28.07.2020 06:46:08 sql=[select id,username ,lever from users] 
28.07.2020 06:46:09 sql=[select id,username ,lever from users] 
28.07.2020 06:46:09 sql=[select id,username ,lever from users] 
28.07.2020 06:46:20 sql=[select id,username ,lever from users] 
28.07.2020 06:47:12 sql=[select id,username ,lever from users] 
28.07.2020 06:49:29 sql=[select phuongan1.id1,cauhoi1.cauhoide1,phuongan1.a,phuongan1.b,phuongan1.c,phuongan1.d from cauhoi1,phuongan1 where cauhoi1.id1=phuongan1.id1 order by id1 desc] 
28.07.2020 06:49:47 sql=[select phuongan1.id1,cauhoi1.cauhoide1,phuongan1.a,phuongan1.b,phuongan1.c,phuongan1.d from cauhoi1,phuongan1 where cauhoi1.id1=phuongan1.id1 order by id1 desc] 
28.07.2020 06:51:12 sql=[select phuongan1.id1,cauhoi1.cauhoide1,phuongan1.a,phuongan1.b,phuongan1.c,phuongan1.d from cauhoi1,phuongan1 where cauhoi1.id1=phuongan1.id1 order by id1 desc] 
28.07.2020 06:51:48 sql=[select phuongan1.id1,cauhoi1.cauhoide1,phuongan1.a,phuongan1.b,phuongan1.c,phuongan1.d from cauhoi1,phuongan1 where cauhoi1.id1=phuongan1.id1 order by id1 desc] 
28.07.2020 06:51:50 sql=[select phuongan1.id1,cauhoi1.cauhoide1,phuongan1.a,phuongan1.b,phuongan1.c,phuongan1.d from cauhoi1,phuongan1 where cauhoi1.id1=phuongan1.id1 order by id1 desc] 
28.07.2020 06:51:50 sql=[select phuongan1.id1,cauhoi1.cauhoide1,phuongan1.a,phuongan1.b,phuongan1.c,phuongan1.d from cauhoi1,phuongan1 where cauhoi1.id1=phuongan1.id1 order by id1 desc] 
28.07.2020 06:52:10 sql=[select phuongan1.id1,cauhoi1.cauhoide1,phuongan1.a,phuongan1.b,phuongan1.c,phuongan1.d from cauhoi1,phuongan1 where cauhoi1.id1=phuongan1.id1 order by id1 desc] 
28.07.2020 06:52:11 sql=[select phuongan1.id1,cauhoi1.cauhoide1,phuongan1.a,phuongan1.b,phuongan1.c,phuongan1.d from cauhoi1,phuongan1 where cauhoi1.id1=phuongan1.id1 order by id1 desc] 
28.07.2020 06:52:12 sql=[select id_tt,ten_tt,noidung_tt from tintuc] 
28.07.2020 06:52:32 sql=[select id_tt,ten_tt,noidung_tt from tintuc] 
28.07.2020 06:53:39 sql=[select cm_id,name,message,ten_tt from comment, tintuc where comment.id_tt=tintuc.id_tt  order by cm_id desc] 
28.07.2020 06:53:41 sql=[select cm_id,name,message,ten_tt from comment, tintuc where comment.id_tt=tintuc.id_tt  order by cm_id desc] 
28.07.2020 06:53:57 sql=[select cm_id,name,message,ten_tt from comment, tintuc where comment.id_tt=tintuc.id_tt  order by cm_id desc] 
28.07.2020 06:56:34 sql=[select cm_id,name,message,ten_tt from comment, tintuc where comment.id_tt=tintuc.id_tt  order by cm_id desc] 
28.07.2020 06:56:40 sql=[select cm_id,name,message,ten_tt from comment, tintuc where comment.id_tt=tintuc.id_tt  order by cm_id desc] 
28.07.2020 06:56:44 sql=[select cm_id,name,message,ten_tt from comment, tintuc where comment.id_tt=tintuc.id_tt  order by cm_id desc] 
28.07.2020 06:56:49 sql=[select cm_id,name,message,ten_tt from comment, tintuc where comment.id_tt=tintuc.id_tt  order by cm_id desc] 
28.07.2020 06:56:52 sql=[select cm_id,name,message,ten_tt from comment, tintuc where comment.id_tt=tintuc.id_tt  order by cm_id desc] 
28.07.2020 06:58:37 sql=[select cm_id,name,message,ten_tt from comment, tintuc where comment.id_tt=tintuc.id_tt  order by cm_id desc] 
28.07.2020 06:58:40 sql=[select cm_id,name,message,ten_tt from comment, tintuc where comment.id_tt=tintuc.id_tt  order by cm_id desc] 
28.07.2020 06:58:45 sql=[select phuongan1.id1,cauhoi1.cauhoide1,phuongan1.a,phuongan1.b,phuongan1.c,phuongan1.d from cauhoi1,phuongan1 where cauhoi1.id1=phuongan1.id1 order by id1 desc] 
28.07.2020 06:59:07 sql=[select phuongan1.id1,cauhoi1.cauhoide1,phuongan1.a,phuongan1.b,phuongan1.c,phuongan1.d from cauhoi1,phuongan1 where cauhoi1.id1=phuongan1.id1 order by id1 desc] 
28.07.2020 07:00:56 sql=[INSERT INTO cauhoi1(cauhoide1,id_mh,dapan1) VALUES ('lehuyen','1','a')] 
28.07.2020 07:01:30 sql=[INSERT INTO cauhoi1(cauhoide1,id_mh,dapan1) VALUES ('lehuyen','1','a')] 
29.07.2020 03:43:45 sql=[select id,username ,lever from users] 
29.07.2020 03:43:49 sql=[select phuongan1.id1,cauhoi1.cauhoide1,phuongan1.a,phuongan1.b,phuongan1.c,phuongan1.d from cauhoi1,phuongan1 where cauhoi1.id1=phuongan1.id1 order by id1 desc] 
29.07.2020 03:43:52 sql=[select id_tt,ten_tt,noidung_tt from tintuc] 
29.07.2020 03:43:53 sql=[select cm_id,name,message,ten_tt from comment, tintuc where comment.id_tt=tintuc.id_tt  order by cm_id desc] 
29.07.2020 03:43:54 sql=[select id,username ,lever from users] 
29.07.2020 03:44:14 sql=[select phuongan1.id1,cauhoi1.cauhoide1,phuongan1.a,phuongan1.b,phuongan1.c,phuongan1.d from cauhoi1,phuongan1 where cauhoi1.id1=phuongan1.id1 order by id1 desc] 
29.07.2020 03:44:40 sql=[INSERT INTO cauhoi1(cauhoide1,id_mh,dapan1) VALUES ('lehuyen','1','a')] 
29.07.2020 03:59:13 sql=[INSERT INTO cauhoi1(cauhoide1,id_mh,dapan1) VALUES ('lehuyen','1','a')] 
29.07.2020 03:59:16 sql=[INSERT INTO cauhoi1(cauhoide1,id_mh,dapan1) VALUES ('lehuyen','1','a')] 
29.07.2020 04:01:02 sql=[INSERT INTO cauhoi1(cauhoide1,id_mh,dapan1) VALUES ('lehuyen','1','a')] 
29.07.2020 04:01:16 sql=[INSERT INTO cauhoi1(cauhoide1,id_mh,dapan1) VALUES ('lehuyen','1','a')] 
29.07.2020 04:03:01 sql=[INSERT INTO cauhoi1(cauhoide1,id_mh,dapan1) VALUES ('lehuyen','1','a')] 
29.07.2020 04:03:18 sql=[INSERT INTO cauhoi1(cauhoide1,id_mh,dapan1) VALUES ('lehuyen','1','a')] 
29.07.2020 04:05:28 sql=[INSERT INTO cauhoi1(cauhoide1,id_mh,dapan1) VALUES ('lehuyen','1','a')] 
29.07.2020 04:08:14 sql=[INSERT INTO cauhoi1(cauhoide1,id_mh,dapan1) VALUES ('lehuyen','1','a')] 
29.07.2020 04:20:50 sql=[INSERT INTO cauhoi1(cauhoide1,id_mh,dapan1) VALUES ('lehuyen','1','a')] 
29.07.2020 04:20:52 sql=[INSERT INTO cauhoi1(cauhoide1,id_mh,dapan1) VALUES ('lehuyen','1','a')] 
29.07.2020 04:21:02 sql=[INSERT INTO cauhoi1(cauhoide1,id_mh,dapan1) VALUES ('lehuyen','1','a')] 
